Visual Studio Code (1.77.3, undefined, desktop)
Jupyter Extension Version: 2023.3.1201040234.
Python Extension Version: 2023.6.1.
Workspace folder /home/nicklas/Projects/maxscience
info 19:09:20.094: LSP Notebooks experiment is enabled
info 19:09:21.513: Process Execution: > ~/mambaforge/envs/math/bin/python -m pip list
> ~/mambaforge/envs/math/bin/python -m pip list
warn 19:09:21.547: No interpreter with path /home/nicklas/mambaforge/envs/port6/bin/python3.11 found in Python API, will convert Uri path to string as Id /home/nicklas/mambaforge/envs/port6/bin/python3.11
warn 19:09:21.549: No interpreter with path /home/nicklas/Study/Bachelor_2/Semester_2/mlpr/venv/bin/python found in Python API, will convert Uri path to string as Id /home/nicklas/Study/Bachelor_2/Semester_2/mlpr/venv/bin/python
warn 19:09:21.551: No interpreter with path /home/nicklas/mambaforge/envs/port6/bin/python3.11 found in Python API, will convert Uri path to string as Id /home/nicklas/mambaforge/envs/port6/bin/python3.11
warn 19:09:21.552: No interpreter with path /home/nicklas/Study/Bachelor_2/Semester_2/mlpr/venv/bin/python found in Python API, will convert Uri path to string as Id /home/nicklas/Study/Bachelor_2/Semester_2/mlpr/venv/bin/python
warn 19:09:21.555: No interpreter with path /home/nicklas/mambaforge/envs/port6/bin/python3.11 found in Python API, will convert Uri path to string as Id /home/nicklas/mambaforge/envs/port6/bin/python3.11
warn 19:09:21.556: No interpreter with path /home/nicklas/Study/Bachelor_2/Semester_2/mlpr/venv/bin/python found in Python API, will convert Uri path to string as Id /home/nicklas/Study/Bachelor_2/Semester_2/mlpr/venv/bin/python
warn 19:09:21.558: No interpreter with path /home/nicklas/mambaforge/envs/port6/bin/python3.11 found in Python API, will convert Uri path to string as Id /home/nicklas/mambaforge/envs/port6/bin/python3.11
warn 19:09:21.559: No interpreter with path /home/nicklas/Study/Bachelor_2/Semester_2/mlpr/venv/bin/python found in Python API, will convert Uri path to string as Id /home/nicklas/Study/Bachelor_2/Semester_2/mlpr/venv/bin/python
warn 19:09:21.562: No interpreter with path /home/nicklas/mambaforge/envs/port6/bin/python3.11 found in Python API, will convert Uri path to string as Id /home/nicklas/mambaforge/envs/port6/bin/python3.11
warn 19:09:21.563: No interpreter with path /home/nicklas/Study/Bachelor_2/Semester_2/mlpr/venv/bin/python found in Python API, will convert Uri path to string as Id /home/nicklas/Study/Bachelor_2/Semester_2/mlpr/venv/bin/python
warn 19:09:21.565: No interpreter with path /home/nicklas/mambaforge/envs/port6/bin/python3.11 found in Python API, will convert Uri path to string as Id /home/nicklas/mambaforge/envs/port6/bin/python3.11
warn 19:09:21.568: No interpreter with path /home/nicklas/Study/Bachelor_2/Semester_2/mlpr/venv/bin/python found in Python API, will convert Uri path to string as Id /home/nicklas/Study/Bachelor_2/Semester_2/mlpr/venv/bin/python
warn 19:09:21.570: No interpreter with path /home/nicklas/mambaforge/envs/port6/bin/python3.11 found in Python API, will convert Uri path to string as Id /home/nicklas/mambaforge/envs/port6/bin/python3.11
warn 19:09:21.571: No interpreter with path /home/nicklas/Study/Bachelor_2/Semester_2/mlpr/venv/bin/python found in Python API, will convert Uri path to string as Id /home/nicklas/Study/Bachelor_2/Semester_2/mlpr/venv/bin/python
warn 19:09:21.573: No interpreter with path /home/nicklas/mambaforge/envs/port6/bin/python3.11 found in Python API, will convert Uri path to string as Id /home/nicklas/mambaforge/envs/port6/bin/python3.11
warn 19:09:21.574: No interpreter with path /home/nicklas/Study/Bachelor_2/Semester_2/mlpr/venv/bin/python found in Python API, will convert Uri path to string as Id /home/nicklas/Study/Bachelor_2/Semester_2/mlpr/venv/bin/python
warn 19:09:21.576: No interpreter with path /home/nicklas/mambaforge/envs/port6/bin/python3.11 found in Python API, will convert Uri path to string as Id /home/nicklas/mambaforge/envs/port6/bin/python3.11
warn 19:09:21.578: No interpreter with path /home/nicklas/Study/Bachelor_2/Semester_2/mlpr/venv/bin/python found in Python API, will convert Uri path to string as Id /home/nicklas/Study/Bachelor_2/Semester_2/mlpr/venv/bin/python
warn 19:09:21.580: No interpreter with path /home/nicklas/mambaforge/envs/port6/bin/python3.11 found in Python API, will convert Uri path to string as Id /home/nicklas/mambaforge/envs/port6/bin/python3.11
warn 19:09:21.581: No interpreter with path /home/nicklas/Study/Bachelor_2/Semester_2/mlpr/venv/bin/python found in Python API, will convert Uri path to string as Id /home/nicklas/Study/Bachelor_2/Semester_2/mlpr/venv/bin/python
warn 19:09:21.583: No interpreter with path /home/nicklas/mambaforge/envs/port6/bin/python3.11 found in Python API, will convert Uri path to string as Id /home/nicklas/mambaforge/envs/port6/bin/python3.11
warn 19:09:21.584: No interpreter with path /home/nicklas/Study/Bachelor_2/Semester_2/mlpr/venv/bin/python found in Python API, will convert Uri path to string as Id /home/nicklas/Study/Bachelor_2/Semester_2/mlpr/venv/bin/python
warn 19:09:21.586: No interpreter with path /home/nicklas/mambaforge/envs/port6/bin/python3.11 found in Python API, will convert Uri path to string as Id /home/nicklas/mambaforge/envs/port6/bin/python3.11
warn 19:09:21.587: No interpreter with path /home/nicklas/Study/Bachelor_2/Semester_2/mlpr/venv/bin/python found in Python API, will convert Uri path to string as Id /home/nicklas/Study/Bachelor_2/Semester_2/mlpr/venv/bin/python
warn 19:09:21.589: No interpreter with path /home/nicklas/mambaforge/envs/port6/bin/python3.11 found in Python API, will convert Uri path to string as Id /home/nicklas/mambaforge/envs/port6/bin/python3.11
warn 19:09:21.590: No interpreter with path /home/nicklas/Study/Bachelor_2/Semester_2/mlpr/venv/bin/python found in Python API, will convert Uri path to string as Id /home/nicklas/Study/Bachelor_2/Semester_2/mlpr/venv/bin/python
warn 19:09:21.592: No interpreter with path /home/nicklas/mambaforge/envs/port6/bin/python3.11 found in Python API, will convert Uri path to string as Id /home/nicklas/mambaforge/envs/port6/bin/python3.11
warn 19:09:21.593: No interpreter with path /home/nicklas/Study/Bachelor_2/Semester_2/mlpr/venv/bin/python found in Python API, will convert Uri path to string as Id /home/nicklas/Study/Bachelor_2/Semester_2/mlpr/venv/bin/python
warn 19:09:21.689: No interpreter with path /home/nicklas/mambaforge/envs/port6/bin/python3.11 found in Python API, will convert Uri path to string as Id /home/nicklas/mambaforge/envs/port6/bin/python3.11
warn 19:09:21.690: No interpreter with path /home/nicklas/Study/Bachelor_2/Semester_2/mlpr/venv/bin/python found in Python API, will convert Uri path to string as Id /home/nicklas/Study/Bachelor_2/Semester_2/mlpr/venv/bin/python
warn 19:09:21.691: No interpreter with path /home/nicklas/mambaforge/envs/port6/bin/python3.11 found in Python API, will convert Uri path to string as Id /home/nicklas/mambaforge/envs/port6/bin/python3.11
warn 19:09:21.692: No interpreter with path /home/nicklas/Study/Bachelor_2/Semester_2/mlpr/venv/bin/python found in Python API, will convert Uri path to string as Id /home/nicklas/Study/Bachelor_2/Semester_2/mlpr/venv/bin/python
warn 19:09:21.693: No interpreter with path /home/nicklas/mambaforge/envs/port6/bin/python3.11 found in Python API, will convert Uri path to string as Id /home/nicklas/mambaforge/envs/port6/bin/python3.11
warn 19:09:21.694: No interpreter with path /home/nicklas/Study/Bachelor_2/Semester_2/mlpr/venv/bin/python found in Python API, will convert Uri path to string as Id /home/nicklas/Study/Bachelor_2/Semester_2/mlpr/venv/bin/python
warn 19:09:21.695: No interpreter with path /home/nicklas/mambaforge/envs/port6/bin/python3.11 found in Python API, will convert Uri path to string as Id /home/nicklas/mambaforge/envs/port6/bin/python3.11
warn 19:09:21.696: No interpreter with path /home/nicklas/Study/Bachelor_2/Semester_2/mlpr/venv/bin/python found in Python API, will convert Uri path to string as Id /home/nicklas/Study/Bachelor_2/Semester_2/mlpr/venv/bin/python
warn 19:09:21.698: No interpreter with path /home/nicklas/mambaforge/envs/port6/bin/python3.11 found in Python API, will convert Uri path to string as Id /home/nicklas/mambaforge/envs/port6/bin/python3.11
warn 19:09:21.700: No interpreter with path /home/nicklas/Study/Bachelor_2/Semester_2/mlpr/venv/bin/python found in Python API, will convert Uri path to string as Id /home/nicklas/Study/Bachelor_2/Semester_2/mlpr/venv/bin/python
warn 19:09:21.702: No interpreter with path /home/nicklas/mambaforge/envs/port6/bin/python3.11 found in Python API, will convert Uri path to string as Id /home/nicklas/mambaforge/envs/port6/bin/python3.11
warn 19:09:21.702: No interpreter with path /home/nicklas/Study/Bachelor_2/Semester_2/mlpr/venv/bin/python found in Python API, will convert Uri path to string as Id /home/nicklas/Study/Bachelor_2/Semester_2/mlpr/venv/bin/python
warn 19:09:21.704: No interpreter with path /home/nicklas/mambaforge/envs/port6/bin/python3.11 found in Python API, will convert Uri path to string as Id /home/nicklas/mambaforge/envs/port6/bin/python3.11
warn 19:09:21.704: No interpreter with path /home/nicklas/Study/Bachelor_2/Semester_2/mlpr/venv/bin/python found in Python API, will convert Uri path to string as Id /home/nicklas/Study/Bachelor_2/Semester_2/mlpr/venv/bin/python
warn 19:09:21.706: No interpreter with path /home/nicklas/mambaforge/envs/port6/bin/python3.11 found in Python API, will convert Uri path to string as Id /home/nicklas/mambaforge/envs/port6/bin/python3.11
warn 19:09:21.706: No interpreter with path /home/nicklas/Study/Bachelor_2/Semester_2/mlpr/venv/bin/python found in Python API, will convert Uri path to string as Id /home/nicklas/Study/Bachelor_2/Semester_2/mlpr/venv/bin/python
warn 19:09:21.830: No interpreter with path /home/nicklas/Study/Bachelor_2/Semester_2/mlpr/venv/bin/python found in Python API, will convert Uri path to string as Id /home/nicklas/Study/Bachelor_2/Semester_2/mlpr/venv/bin/python
warn 19:09:21.831: No interpreter with path /home/nicklas/Study/Bachelor_2/Semester_2/mlpr/venv/bin/python found in Python API, will convert Uri path to string as Id /home/nicklas/Study/Bachelor_2/Semester_2/mlpr/venv/bin/python
warn 19:09:21.832: No interpreter with path /home/nicklas/Study/Bachelor_2/Semester_2/mlpr/venv/bin/python found in Python API, will convert Uri path to string as Id /home/nicklas/Study/Bachelor_2/Semester_2/mlpr/venv/bin/python
warn 19:09:21.833: No interpreter with path /home/nicklas/Study/Bachelor_2/Semester_2/mlpr/venv/bin/python found in Python API, will convert Uri path to string as Id /home/nicklas/Study/Bachelor_2/Semester_2/mlpr/venv/bin/python
warn 19:09:21.834: No interpreter with path /home/nicklas/Study/Bachelor_2/Semester_2/mlpr/venv/bin/python found in Python API, will convert Uri path to string as Id /home/nicklas/Study/Bachelor_2/Semester_2/mlpr/venv/bin/python
warn 19:09:21.835: No interpreter with path /home/nicklas/Study/Bachelor_2/Semester_2/mlpr/venv/bin/python found in Python API, will convert Uri path to string as Id /home/nicklas/Study/Bachelor_2/Semester_2/mlpr/venv/bin/python
warn 19:09:21.836: No interpreter with path /home/nicklas/Study/Bachelor_2/Semester_2/mlpr/venv/bin/python found in Python API, will convert Uri path to string as Id /home/nicklas/Study/Bachelor_2/Semester_2/mlpr/venv/bin/python
warn 19:09:21.837: No interpreter with path /home/nicklas/Study/Bachelor_2/Semester_2/mlpr/venv/bin/python found in Python API, will convert Uri path to string as Id /home/nicklas/Study/Bachelor_2/Semester_2/mlpr/venv/bin/python
warn 19:09:21.838: No interpreter with path /home/nicklas/Study/Bachelor_2/Semester_2/mlpr/venv/bin/python found in Python API, will convert Uri path to string as Id /home/nicklas/Study/Bachelor_2/Semester_2/mlpr/venv/bin/python
warn 19:09:21.840: No interpreter with path /home/nicklas/Study/Bachelor_2/Semester_2/mlpr/venv/bin/python found in Python API, will convert Uri path to string as Id /home/nicklas/Study/Bachelor_2/Semester_2/mlpr/venv/bin/python
warn 19:09:21.841: No interpreter with path /home/nicklas/Study/Bachelor_2/Semester_2/mlpr/venv/bin/python found in Python API, will convert Uri path to string as Id /home/nicklas/Study/Bachelor_2/Semester_2/mlpr/venv/bin/python
warn 19:09:21.842: No interpreter with path /home/nicklas/Study/Bachelor_2/Semester_2/mlpr/venv/bin/python found in Python API, will convert Uri path to string as Id /home/nicklas/Study/Bachelor_2/Semester_2/mlpr/venv/bin/python
warn 19:09:21.843: No interpreter with path /home/nicklas/Study/Bachelor_2/Semester_2/mlpr/venv/bin/python found in Python API, will convert Uri path to string as Id /home/nicklas/Study/Bachelor_2/Semester_2/mlpr/venv/bin/python
warn 19:09:21.845: No interpreter with path /home/nicklas/Study/Bachelor_2/Semester_2/mlpr/venv/bin/python found in Python API, will convert Uri path to string as Id /home/nicklas/Study/Bachelor_2/Semester_2/mlpr/venv/bin/python
warn 19:09:21.847: No interpreter with path /home/nicklas/Study/Bachelor_2/Semester_2/mlpr/venv/bin/python found in Python API, will convert Uri path to string as Id /home/nicklas/Study/Bachelor_2/Semester_2/mlpr/venv/bin/python
warn 19:09:21.848: No interpreter with path /home/nicklas/Study/Bachelor_2/Semester_2/mlpr/venv/bin/python found in Python API, will convert Uri path to string as Id /home/nicklas/Study/Bachelor_2/Semester_2/mlpr/venv/bin/python
warn 19:09:21.849: No interpreter with path /home/nicklas/Study/Bachelor_2/Semester_2/mlpr/venv/bin/python found in Python API, will convert Uri path to string as Id /home/nicklas/Study/Bachelor_2/Semester_2/mlpr/venv/bin/python
warn 19:09:21.850: No interpreter with path /home/nicklas/Study/Bachelor_2/Semester_2/mlpr/venv/bin/python found in Python API, will convert Uri path to string as Id /home/nicklas/Study/Bachelor_2/Semester_2/mlpr/venv/bin/python
warn 19:09:21.851: No interpreter with path /home/nicklas/Study/Bachelor_2/Semester_2/mlpr/venv/bin/python found in Python API, will convert Uri path to string as Id /home/nicklas/Study/Bachelor_2/Semester_2/mlpr/venv/bin/python
warn 19:09:21.852: No interpreter with path /home/nicklas/Study/Bachelor_2/Semester_2/mlpr/venv/bin/python found in Python API, will convert Uri path to string as Id /home/nicklas/Study/Bachelor_2/Semester_2/mlpr/venv/bin/python
warn 19:09:21.853: No interpreter with path /home/nicklas/Study/Bachelor_2/Semester_2/mlpr/venv/bin/python found in Python API, will convert Uri path to string as Id /home/nicklas/Study/Bachelor_2/Semester_2/mlpr/venv/bin/python
warn 19:09:21.854: No interpreter with path /home/nicklas/Study/Bachelor_2/Semester_2/mlpr/venv/bin/python found in Python API, will convert Uri path to string as Id /home/nicklas/Study/Bachelor_2/Semester_2/mlpr/venv/bin/python
warn 19:09:21.855: No interpreter with path /home/nicklas/Study/Bachelor_2/Semester_2/mlpr/venv/bin/python found in Python API, will convert Uri path to string as Id /home/nicklas/Study/Bachelor_2/Semester_2/mlpr/venv/bin/python
info 19:20:35.833: Ending debug session 92aa2e35-ee61-4204-a8e1-37454e193a37
info 19:20:35.833: Ending debug session 92aa2e35-ee61-4204-a8e1-37454e193a37
info 19:26:57.803: Ending debug session cff1d6f4-37d6-4783-909f-53c6f0ee90e3
info 19:26:57.803: Ending debug session cff1d6f4-37d6-4783-909f-53c6f0ee90e3
info 19:33:11.847: Ending debug session 86d5b5ac-c35b-4f2d-9457-ff7fa5c637bf
info 19:33:11.847: Ending debug session 86d5b5ac-c35b-4f2d-9457-ff7fa5c637bf
info 19:59:28.546: Ending debug session bfd3a066-d7b2-40d5-97bb-2d49b63f2d51
info 19:59:28.546: Ending debug session bfd3a066-d7b2-40d5-97bb-2d49b63f2d51
info 20:01:57.845: Ending debug session 99a72b45-cd33-4799-8a78-e093c6fc8e86
info 20:01:57.846: Ending debug session 99a72b45-cd33-4799-8a78-e093c6fc8e86
info 20:03:39.770: Ending debug session d0042d27-1276-4745-838a-d79c8d0cf6d2
info 20:03:39.770: Ending debug session d0042d27-1276-4745-838a-d79c8d0cf6d2
info 20:31:47.340: Ending debug session c7fece1a-c5d9-4bd8-823f-26ba160df406
info 20:31:47.340: Ending debug session c7fece1a-c5d9-4bd8-823f-26ba160df406
info 20:35:09.815: Ending debug session 6ef39996-080c-4b5e-b250-2d4b3dbb6134
info 20:35:09.815: Ending debug session 6ef39996-080c-4b5e-b250-2d4b3dbb6134
info 20:36:21.242: Ending debug session 922ba377-fa95-4719-bb58-320882e2b6a0
info 20:36:21.242: Ending debug session 922ba377-fa95-4719-bb58-320882e2b6a0
info 20:37:39.869: Ending debug session fd8bf5ff-f3da-45d5-a3bb-4fe28b15d48f
info 20:37:39.869: Ending debug session fd8bf5ff-f3da-45d5-a3bb-4fe28b15d48f
