2023-05-05 19:34:53.463 [info] Reading sessions from keychain...
2023-05-05 19:34:53.463 [info] Getting sessions for all scopes...
2023-05-05 19:34:53.463 [info] Getting sessions for user:email...
2023-05-05 19:34:53.463 [info] Getting sessions for read:user...
2023-05-05 19:34:53.463 [info] Getting sessions for read:user...
2023-05-05 19:34:53.463 [info] Got stored sessions!
2023-05-05 19:34:53.463 [info] Got 2 verified sessions.
2023-05-05 19:34:53.463 [info] Got 2 sessions for ...
2023-05-05 19:34:53.463 [info] Got 1 sessions for user:email...
2023-05-05 19:34:53.463 [info] Got 1 sessions for read:user...
2023-05-05 19:34:53.463 [info] Got 1 sessions for read:user...
2023-05-05 19:34:53.477 [info] Getting sessions for all scopes...
2023-05-05 19:34:53.477 [info] Got 2 sessions for ...
2023-05-05 19:34:53.512 [info] Getting sessions for all scopes...
2023-05-05 19:34:53.512 [info] Got 2 sessions for ...
2023-05-05 19:59:53.847 [info] Getting sessions for read:user...
2023-05-05 19:59:53.847 [info] Got 1 sessions for read:user...
2023-05-05 19:59:55.934 [info] Getting sessions for read:user...
2023-05-05 19:59:55.934 [info] Got 1 sessions for read:user...
2023-05-05 20:24:54.224 [info] Getting sessions for read:user...
2023-05-05 20:24:54.224 [info] Got 1 sessions for read:user...
2023-05-05 20:24:57.148 [info] Getting sessions for read:user...
2023-05-05 20:24:57.148 [info] Got 1 sessions for read:user...
2023-05-05 20:49:54.599 [info] Getting sessions for read:user...
2023-05-05 20:49:54.599 [info] Got 1 sessions for read:user...
2023-05-05 20:49:58.388 [info] Getting sessions for read:user...
2023-05-05 20:49:58.388 [info] Got 1 sessions for read:user...
2023-05-05 21:14:54.956 [info] Getting sessions for read:user...
2023-05-05 21:14:54.956 [info] Got 1 sessions for read:user...
2023-05-05 21:14:59.990 [info] Getting sessions for read:user...
2023-05-05 21:14:59.990 [info] Got 1 sessions for read:user...
2023-05-05 21:39:55.327 [info] Getting sessions for read:user...
2023-05-05 21:39:55.327 [info] Got 1 sessions for read:user...
2023-05-05 21:40:01.280 [info] Getting sessions for read:user...
2023-05-05 21:40:01.280 [info] Got 1 sessions for read:user...
2023-05-05 22:04:55.716 [info] Getting sessions for read:user...
2023-05-05 22:04:55.717 [info] Got 1 sessions for read:user...
2023-05-05 22:05:02.530 [info] Getting sessions for read:user...
2023-05-05 22:05:02.530 [info] Got 1 sessions for read:user...
2023-05-06 10:55:29.843 [info] Getting sessions for read:user...
2023-05-06 10:55:29.843 [info] Got 1 sessions for read:user...
2023-05-06 10:55:37.947 [info] Getting sessions for read:user...
2023-05-06 10:55:37.947 [info] Got 1 sessions for read:user...
2023-05-06 11:20:30.584 [info] Getting sessions for read:user...
2023-05-06 11:20:30.584 [info] Got 1 sessions for read:user...
2023-05-06 11:20:39.360 [info] Getting sessions for read:user...
2023-05-06 11:20:39.360 [info] Got 1 sessions for read:user...
2023-05-06 11:45:30.960 [info] Getting sessions for read:user...
2023-05-06 11:45:30.960 [info] Got 1 sessions for read:user...
2023-05-06 11:45:40.563 [info] Getting sessions for read:user...
2023-05-06 11:45:40.563 [info] Got 1 sessions for read:user...
2023-05-06 12:10:31.370 [info] Getting sessions for read:user...
2023-05-06 12:10:31.370 [info] Got 1 sessions for read:user...
2023-05-06 12:10:42.058 [info] Getting sessions for read:user...
2023-05-06 12:10:42.058 [info] Got 1 sessions for read:user...
2023-05-06 12:35:31.703 [info] Getting sessions for read:user...
2023-05-06 12:35:31.703 [info] Got 1 sessions for read:user...
2023-05-06 12:35:44.032 [info] Getting sessions for read:user...
2023-05-06 12:35:44.032 [info] Got 1 sessions for read:user...
2023-05-06 19:39:10.298 [info] Getting sessions for read:user...
2023-05-06 19:39:10.298 [info] Got 1 sessions for read:user...
2023-05-06 19:39:23.399 [info] Getting sessions for read:user...
2023-05-06 19:39:23.399 [info] Got 1 sessions for read:user...
2023-05-06 20:04:11.482 [info] Getting sessions for read:user...
2023-05-06 20:04:11.482 [info] Got 1 sessions for read:user...
2023-05-06 20:04:25.922 [info] Getting sessions for read:user...
2023-05-06 20:04:25.922 [info] Got 1 sessions for read:user...
2023-05-06 20:29:11.838 [info] Getting sessions for read:user...
2023-05-06 20:29:11.838 [info] Got 1 sessions for read:user...
2023-05-06 20:29:27.170 [info] Getting sessions for read:user...
2023-05-06 20:29:27.170 [info] Got 1 sessions for read:user...
2023-05-06 20:54:12.221 [info] Getting sessions for read:user...
2023-05-06 20:54:12.221 [info] Got 1 sessions for read:user...
2023-05-06 20:54:28.492 [info] Getting sessions for read:user...
2023-05-06 20:54:28.492 [info] Got 1 sessions for read:user...
2023-05-06 21:19:12.598 [info] Getting sessions for read:user...
2023-05-06 21:19:12.598 [info] Got 1 sessions for read:user...
2023-05-06 21:19:30.206 [info] Getting sessions for read:user...
2023-05-06 21:19:30.206 [info] Got 1 sessions for read:user...
