2023-05-04 19:09:20.475 [info] Log level: Info
2023-05-04 19:09:20.475 [info] Validating found git in: "git"
2023-05-04 19:09:20.483 [info] Using git "2.40.0" from "git"
2023-05-04 19:09:20.497 [info] > git rev-parse --show-toplevel [9ms]
2023-05-04 19:09:20.497 [info] fatal: not a git repository (or any of the parent directories): .git
2023-05-04 19:09:20.505 [info] > git rev-parse --show-toplevel [3ms]
2023-05-04 19:09:20.505 [info] fatal: not a git repository (or any of the parent directories): .git
2023-05-04 19:09:20.511 [info] > git rev-parse --show-toplevel [2ms]
2023-05-04 19:09:20.511 [info] fatal: not a git repository (or any of the parent directories): .git
2023-05-04 19:09:20.515 [info] > git rev-parse --show-toplevel [1ms]
2023-05-04 19:09:20.516 [info] fatal: not a git repository (or any of the parent directories): .git
2023-05-04 19:09:20.524 [info] > git rev-parse --show-toplevel [3ms]
2023-05-04 19:09:20.524 [info] fatal: not a git repository (or any of the parent directories): .git
2023-05-04 19:09:20.750 [info] > git rev-parse --show-toplevel [221ms]
2023-05-04 19:09:20.750 [info] fatal: not a git repository (or any of the parent directories): .git
2023-05-04 19:09:20.802 [info] > git rev-parse --show-toplevel [47ms]
2023-05-04 19:09:20.802 [info] fatal: not a git repository (or any of the parent directories): .git
2023-05-04 19:09:20.814 [info] > git rev-parse --show-toplevel [6ms]
2023-05-04 19:09:20.815 [info] fatal: not a git repository (or any of the parent directories): .git
2023-05-04 19:11:30.173 [info] > git rev-parse --show-toplevel [1ms]
2023-05-04 19:11:30.173 [info] fatal: not a git repository (or any of the parent directories): .git
2023-05-04 19:11:30.179 [info] > git rev-parse --show-toplevel [0ms]
2023-05-04 19:11:30.179 [info] fatal: not a git repository (or any of the parent directories): .git
2023-05-04 19:11:30.185 [info] > git rev-parse --show-toplevel [1ms]
2023-05-04 19:11:30.185 [info] fatal: not a git repository (or any of the parent directories): .git
2023-05-04 19:31:53.852 [info] > git rev-parse --show-toplevel [2ms]
2023-05-04 19:31:53.852 [info] fatal: not a git repository (or any of the parent directories): .git
2023-05-04 19:31:53.864 [info] > git rev-parse --show-toplevel [1ms]
2023-05-04 19:31:53.864 [info] fatal: not a git repository (or any of the parent directories): .git
2023-05-04 19:31:53.886 [info] > git rev-parse --show-toplevel [1ms]
2023-05-04 19:31:53.886 [info] fatal: not a git repository (or any of the parent directories): .git
2023-05-04 19:31:53.908 [info] > git rev-parse --show-toplevel [1ms]
2023-05-04 19:31:53.908 [info] fatal: not a git repository (or any of the parent directories): .git
2023-05-04 19:31:53.918 [info] > git rev-parse --show-toplevel [2ms]
2023-05-04 19:31:53.918 [info] fatal: not a git repository (or any of the parent directories): .git
2023-05-04 19:31:58.407 [info] > git rev-parse --show-toplevel [0ms]
2023-05-04 19:31:58.407 [info] fatal: not a git repository (or any of the parent directories): .git
2023-05-04 19:31:58.420 [info] > git rev-parse --show-toplevel [2ms]
2023-05-04 19:31:58.420 [info] fatal: not a git repository (or any of the parent directories): .git
2023-05-04 19:31:58.433 [info] > git rev-parse --show-toplevel [3ms]
2023-05-04 19:31:58.433 [info] fatal: not a git repository (or any of the parent directories): .git
2023-05-04 19:36:54.433 [info] > git rev-parse --show-toplevel [1ms]
2023-05-04 19:36:54.433 [info] fatal: not a git repository (or any of the parent directories): .git
2023-05-04 19:36:54.447 [info] > git rev-parse --show-toplevel [1ms]
2023-05-04 19:36:54.447 [info] fatal: not a git repository (or any of the parent directories): .git
2023-05-04 19:36:54.456 [info] > git rev-parse --show-toplevel [2ms]
2023-05-04 19:36:54.456 [info] fatal: not a git repository (or any of the parent directories): .git
2023-05-04 19:40:12.700 [info] > git rev-parse --show-toplevel [1ms]
2023-05-04 19:40:12.700 [info] fatal: not a git repository (or any of the parent directories): .git
2023-05-04 19:40:12.723 [info] > git rev-parse --show-toplevel [2ms]
2023-05-04 19:40:12.723 [info] fatal: not a git repository (or any of the parent directories): .git
2023-05-04 19:40:12.733 [info] > git rev-parse --show-toplevel [2ms]
2023-05-04 19:40:12.733 [info] fatal: not a git repository (or any of the parent directories): .git
