Visual Studio Code (1.77.3, undefined, desktop)
Jupyter Extension Version: 2023.3.1201040234.
Python Extension Version: 2023.6.1.
Workspace folder /home/nicklas/Projects/maxscience
info 18:58:08.365: LSP Notebooks experiment is enabled
info 18:58:09.836: Process Execution: > ~/mambaforge/envs/math/bin/python -m pip list
> ~/mambaforge/envs/math/bin/python -m pip list
warn 18:58:09.873: No interpreter with path /home/nicklas/mambaforge/envs/port6/bin/python3.11 found in Python API, will convert Uri path to string as Id /home/nicklas/mambaforge/envs/port6/bin/python3.11
warn 18:58:09.874: No interpreter with path /home/nicklas/Study/Bachelor_2/Semester_2/mlpr/venv/bin/python found in Python API, will convert Uri path to string as Id /home/nicklas/Study/Bachelor_2/Semester_2/mlpr/venv/bin/python
warn 18:58:09.877: No interpreter with path /home/nicklas/mambaforge/envs/port6/bin/python3.11 found in Python API, will convert Uri path to string as Id /home/nicklas/mambaforge/envs/port6/bin/python3.11
warn 18:58:09.878: No interpreter with path /home/nicklas/Study/Bachelor_2/Semester_2/mlpr/venv/bin/python found in Python API, will convert Uri path to string as Id /home/nicklas/Study/Bachelor_2/Semester_2/mlpr/venv/bin/python
warn 18:58:09.880: No interpreter with path /home/nicklas/mambaforge/envs/port6/bin/python3.11 found in Python API, will convert Uri path to string as Id /home/nicklas/mambaforge/envs/port6/bin/python3.11
warn 18:58:09.882: No interpreter with path /home/nicklas/Study/Bachelor_2/Semester_2/mlpr/venv/bin/python found in Python API, will convert Uri path to string as Id /home/nicklas/Study/Bachelor_2/Semester_2/mlpr/venv/bin/python
warn 18:58:09.884: No interpreter with path /home/nicklas/mambaforge/envs/port6/bin/python3.11 found in Python API, will convert Uri path to string as Id /home/nicklas/mambaforge/envs/port6/bin/python3.11
warn 18:58:09.885: No interpreter with path /home/nicklas/Study/Bachelor_2/Semester_2/mlpr/venv/bin/python found in Python API, will convert Uri path to string as Id /home/nicklas/Study/Bachelor_2/Semester_2/mlpr/venv/bin/python
warn 18:58:09.890: No interpreter with path /home/nicklas/mambaforge/envs/port6/bin/python3.11 found in Python API, will convert Uri path to string as Id /home/nicklas/mambaforge/envs/port6/bin/python3.11
warn 18:58:09.891: No interpreter with path /home/nicklas/Study/Bachelor_2/Semester_2/mlpr/venv/bin/python found in Python API, will convert Uri path to string as Id /home/nicklas/Study/Bachelor_2/Semester_2/mlpr/venv/bin/python
warn 18:58:09.894: No interpreter with path /home/nicklas/mambaforge/envs/port6/bin/python3.11 found in Python API, will convert Uri path to string as Id /home/nicklas/mambaforge/envs/port6/bin/python3.11
warn 18:58:09.895: No interpreter with path /home/nicklas/Study/Bachelor_2/Semester_2/mlpr/venv/bin/python found in Python API, will convert Uri path to string as Id /home/nicklas/Study/Bachelor_2/Semester_2/mlpr/venv/bin/python
warn 18:58:09.897: No interpreter with path /home/nicklas/mambaforge/envs/port6/bin/python3.11 found in Python API, will convert Uri path to string as Id /home/nicklas/mambaforge/envs/port6/bin/python3.11
warn 18:58:09.898: No interpreter with path /home/nicklas/Study/Bachelor_2/Semester_2/mlpr/venv/bin/python found in Python API, will convert Uri path to string as Id /home/nicklas/Study/Bachelor_2/Semester_2/mlpr/venv/bin/python
warn 18:58:09.900: No interpreter with path /home/nicklas/mambaforge/envs/port6/bin/python3.11 found in Python API, will convert Uri path to string as Id /home/nicklas/mambaforge/envs/port6/bin/python3.11
warn 18:58:09.901: No interpreter with path /home/nicklas/Study/Bachelor_2/Semester_2/mlpr/venv/bin/python found in Python API, will convert Uri path to string as Id /home/nicklas/Study/Bachelor_2/Semester_2/mlpr/venv/bin/python
warn 18:58:09.903: No interpreter with path /home/nicklas/mambaforge/envs/port6/bin/python3.11 found in Python API, will convert Uri path to string as Id /home/nicklas/mambaforge/envs/port6/bin/python3.11
warn 18:58:09.904: No interpreter with path /home/nicklas/Study/Bachelor_2/Semester_2/mlpr/venv/bin/python found in Python API, will convert Uri path to string as Id /home/nicklas/Study/Bachelor_2/Semester_2/mlpr/venv/bin/python
warn 18:58:09.906: No interpreter with path /home/nicklas/mambaforge/envs/port6/bin/python3.11 found in Python API, will convert Uri path to string as Id /home/nicklas/mambaforge/envs/port6/bin/python3.11
warn 18:58:09.907: No interpreter with path /home/nicklas/Study/Bachelor_2/Semester_2/mlpr/venv/bin/python found in Python API, will convert Uri path to string as Id /home/nicklas/Study/Bachelor_2/Semester_2/mlpr/venv/bin/python
warn 18:58:09.909: No interpreter with path /home/nicklas/mambaforge/envs/port6/bin/python3.11 found in Python API, will convert Uri path to string as Id /home/nicklas/mambaforge/envs/port6/bin/python3.11
warn 18:58:09.910: No interpreter with path /home/nicklas/Study/Bachelor_2/Semester_2/mlpr/venv/bin/python found in Python API, will convert Uri path to string as Id /home/nicklas/Study/Bachelor_2/Semester_2/mlpr/venv/bin/python
warn 18:58:09.912: No interpreter with path /home/nicklas/mambaforge/envs/port6/bin/python3.11 found in Python API, will convert Uri path to string as Id /home/nicklas/mambaforge/envs/port6/bin/python3.11
warn 18:58:09.913: No interpreter with path /home/nicklas/Study/Bachelor_2/Semester_2/mlpr/venv/bin/python found in Python API, will convert Uri path to string as Id /home/nicklas/Study/Bachelor_2/Semester_2/mlpr/venv/bin/python
warn 18:58:09.915: No interpreter with path /home/nicklas/mambaforge/envs/port6/bin/python3.11 found in Python API, will convert Uri path to string as Id /home/nicklas/mambaforge/envs/port6/bin/python3.11
warn 18:58:09.916: No interpreter with path /home/nicklas/Study/Bachelor_2/Semester_2/mlpr/venv/bin/python found in Python API, will convert Uri path to string as Id /home/nicklas/Study/Bachelor_2/Semester_2/mlpr/venv/bin/python
warn 18:58:09.918: No interpreter with path /home/nicklas/mambaforge/envs/port6/bin/python3.11 found in Python API, will convert Uri path to string as Id /home/nicklas/mambaforge/envs/port6/bin/python3.11
warn 18:58:09.919: No interpreter with path /home/nicklas/Study/Bachelor_2/Semester_2/mlpr/venv/bin/python found in Python API, will convert Uri path to string as Id /home/nicklas/Study/Bachelor_2/Semester_2/mlpr/venv/bin/python
warn 18:58:10.013: No interpreter with path /home/nicklas/mambaforge/envs/port6/bin/python3.11 found in Python API, will convert Uri path to string as Id /home/nicklas/mambaforge/envs/port6/bin/python3.11
warn 18:58:10.014: No interpreter with path /home/nicklas/Study/Bachelor_2/Semester_2/mlpr/venv/bin/python found in Python API, will convert Uri path to string as Id /home/nicklas/Study/Bachelor_2/Semester_2/mlpr/venv/bin/python
warn 18:58:10.015: No interpreter with path /home/nicklas/mambaforge/envs/port6/bin/python3.11 found in Python API, will convert Uri path to string as Id /home/nicklas/mambaforge/envs/port6/bin/python3.11
warn 18:58:10.016: No interpreter with path /home/nicklas/Study/Bachelor_2/Semester_2/mlpr/venv/bin/python found in Python API, will convert Uri path to string as Id /home/nicklas/Study/Bachelor_2/Semester_2/mlpr/venv/bin/python
warn 18:58:10.017: No interpreter with path /home/nicklas/mambaforge/envs/port6/bin/python3.11 found in Python API, will convert Uri path to string as Id /home/nicklas/mambaforge/envs/port6/bin/python3.11
warn 18:58:10.017: No interpreter with path /home/nicklas/Study/Bachelor_2/Semester_2/mlpr/venv/bin/python found in Python API, will convert Uri path to string as Id /home/nicklas/Study/Bachelor_2/Semester_2/mlpr/venv/bin/python
warn 18:58:10.019: No interpreter with path /home/nicklas/mambaforge/envs/port6/bin/python3.11 found in Python API, will convert Uri path to string as Id /home/nicklas/mambaforge/envs/port6/bin/python3.11
warn 18:58:10.020: No interpreter with path /home/nicklas/Study/Bachelor_2/Semester_2/mlpr/venv/bin/python found in Python API, will convert Uri path to string as Id /home/nicklas/Study/Bachelor_2/Semester_2/mlpr/venv/bin/python
warn 18:58:10.022: No interpreter with path /home/nicklas/mambaforge/envs/port6/bin/python3.11 found in Python API, will convert Uri path to string as Id /home/nicklas/mambaforge/envs/port6/bin/python3.11
warn 18:58:10.024: No interpreter with path /home/nicklas/Study/Bachelor_2/Semester_2/mlpr/venv/bin/python found in Python API, will convert Uri path to string as Id /home/nicklas/Study/Bachelor_2/Semester_2/mlpr/venv/bin/python
warn 18:58:10.026: No interpreter with path /home/nicklas/mambaforge/envs/port6/bin/python3.11 found in Python API, will convert Uri path to string as Id /home/nicklas/mambaforge/envs/port6/bin/python3.11
warn 18:58:10.026: No interpreter with path /home/nicklas/Study/Bachelor_2/Semester_2/mlpr/venv/bin/python found in Python API, will convert Uri path to string as Id /home/nicklas/Study/Bachelor_2/Semester_2/mlpr/venv/bin/python
warn 18:58:10.027: No interpreter with path /home/nicklas/mambaforge/envs/port6/bin/python3.11 found in Python API, will convert Uri path to string as Id /home/nicklas/mambaforge/envs/port6/bin/python3.11
warn 18:58:10.028: No interpreter with path /home/nicklas/Study/Bachelor_2/Semester_2/mlpr/venv/bin/python found in Python API, will convert Uri path to string as Id /home/nicklas/Study/Bachelor_2/Semester_2/mlpr/venv/bin/python
warn 18:58:10.029: No interpreter with path /home/nicklas/mambaforge/envs/port6/bin/python3.11 found in Python API, will convert Uri path to string as Id /home/nicklas/mambaforge/envs/port6/bin/python3.11
warn 18:58:10.030: No interpreter with path /home/nicklas/Study/Bachelor_2/Semester_2/mlpr/venv/bin/python found in Python API, will convert Uri path to string as Id /home/nicklas/Study/Bachelor_2/Semester_2/mlpr/venv/bin/python
warn 18:58:10.126: No interpreter with path /home/nicklas/Study/Bachelor_2/Semester_2/mlpr/venv/bin/python found in Python API, will convert Uri path to string as Id /home/nicklas/Study/Bachelor_2/Semester_2/mlpr/venv/bin/python
warn 18:58:10.127: No interpreter with path /home/nicklas/Study/Bachelor_2/Semester_2/mlpr/venv/bin/python found in Python API, will convert Uri path to string as Id /home/nicklas/Study/Bachelor_2/Semester_2/mlpr/venv/bin/python
warn 18:58:10.129: No interpreter with path /home/nicklas/Study/Bachelor_2/Semester_2/mlpr/venv/bin/python found in Python API, will convert Uri path to string as Id /home/nicklas/Study/Bachelor_2/Semester_2/mlpr/venv/bin/python
warn 18:58:10.130: No interpreter with path /home/nicklas/Study/Bachelor_2/Semester_2/mlpr/venv/bin/python found in Python API, will convert Uri path to string as Id /home/nicklas/Study/Bachelor_2/Semester_2/mlpr/venv/bin/python
warn 18:58:10.132: No interpreter with path /home/nicklas/Study/Bachelor_2/Semester_2/mlpr/venv/bin/python found in Python API, will convert Uri path to string as Id /home/nicklas/Study/Bachelor_2/Semester_2/mlpr/venv/bin/python
warn 18:58:10.133: No interpreter with path /home/nicklas/Study/Bachelor_2/Semester_2/mlpr/venv/bin/python found in Python API, will convert Uri path to string as Id /home/nicklas/Study/Bachelor_2/Semester_2/mlpr/venv/bin/python
warn 18:58:10.134: No interpreter with path /home/nicklas/Study/Bachelor_2/Semester_2/mlpr/venv/bin/python found in Python API, will convert Uri path to string as Id /home/nicklas/Study/Bachelor_2/Semester_2/mlpr/venv/bin/python
warn 18:58:10.135: No interpreter with path /home/nicklas/Study/Bachelor_2/Semester_2/mlpr/venv/bin/python found in Python API, will convert Uri path to string as Id /home/nicklas/Study/Bachelor_2/Semester_2/mlpr/venv/bin/python
warn 18:58:10.136: No interpreter with path /home/nicklas/Study/Bachelor_2/Semester_2/mlpr/venv/bin/python found in Python API, will convert Uri path to string as Id /home/nicklas/Study/Bachelor_2/Semester_2/mlpr/venv/bin/python
warn 18:58:10.137: No interpreter with path /home/nicklas/Study/Bachelor_2/Semester_2/mlpr/venv/bin/python found in Python API, will convert Uri path to string as Id /home/nicklas/Study/Bachelor_2/Semester_2/mlpr/venv/bin/python
warn 18:58:10.138: No interpreter with path /home/nicklas/Study/Bachelor_2/Semester_2/mlpr/venv/bin/python found in Python API, will convert Uri path to string as Id /home/nicklas/Study/Bachelor_2/Semester_2/mlpr/venv/bin/python
warn 18:58:10.139: No interpreter with path /home/nicklas/Study/Bachelor_2/Semester_2/mlpr/venv/bin/python found in Python API, will convert Uri path to string as Id /home/nicklas/Study/Bachelor_2/Semester_2/mlpr/venv/bin/python
warn 18:58:10.140: No interpreter with path /home/nicklas/Study/Bachelor_2/Semester_2/mlpr/venv/bin/python found in Python API, will convert Uri path to string as Id /home/nicklas/Study/Bachelor_2/Semester_2/mlpr/venv/bin/python
warn 18:58:10.142: No interpreter with path /home/nicklas/Study/Bachelor_2/Semester_2/mlpr/venv/bin/python found in Python API, will convert Uri path to string as Id /home/nicklas/Study/Bachelor_2/Semester_2/mlpr/venv/bin/python
warn 18:58:10.143: No interpreter with path /home/nicklas/Study/Bachelor_2/Semester_2/mlpr/venv/bin/python found in Python API, will convert Uri path to string as Id /home/nicklas/Study/Bachelor_2/Semester_2/mlpr/venv/bin/python
warn 18:58:10.144: No interpreter with path /home/nicklas/Study/Bachelor_2/Semester_2/mlpr/venv/bin/python found in Python API, will convert Uri path to string as Id /home/nicklas/Study/Bachelor_2/Semester_2/mlpr/venv/bin/python
warn 18:58:10.145: No interpreter with path /home/nicklas/Study/Bachelor_2/Semester_2/mlpr/venv/bin/python found in Python API, will convert Uri path to string as Id /home/nicklas/Study/Bachelor_2/Semester_2/mlpr/venv/bin/python
warn 18:58:10.146: No interpreter with path /home/nicklas/Study/Bachelor_2/Semester_2/mlpr/venv/bin/python found in Python API, will convert Uri path to string as Id /home/nicklas/Study/Bachelor_2/Semester_2/mlpr/venv/bin/python
warn 18:58:10.147: No interpreter with path /home/nicklas/Study/Bachelor_2/Semester_2/mlpr/venv/bin/python found in Python API, will convert Uri path to string as Id /home/nicklas/Study/Bachelor_2/Semester_2/mlpr/venv/bin/python
warn 18:58:10.148: No interpreter with path /home/nicklas/Study/Bachelor_2/Semester_2/mlpr/venv/bin/python found in Python API, will convert Uri path to string as Id /home/nicklas/Study/Bachelor_2/Semester_2/mlpr/venv/bin/python
warn 18:58:10.149: No interpreter with path /home/nicklas/Study/Bachelor_2/Semester_2/mlpr/venv/bin/python found in Python API, will convert Uri path to string as Id /home/nicklas/Study/Bachelor_2/Semester_2/mlpr/venv/bin/python
warn 18:58:10.150: No interpreter with path /home/nicklas/Study/Bachelor_2/Semester_2/mlpr/venv/bin/python found in Python API, will convert Uri path to string as Id /home/nicklas/Study/Bachelor_2/Semester_2/mlpr/venv/bin/python
warn 18:58:10.151: No interpreter with path /home/nicklas/Study/Bachelor_2/Semester_2/mlpr/venv/bin/python found in Python API, will convert Uri path to string as Id /home/nicklas/Study/Bachelor_2/Semester_2/mlpr/venv/bin/python
info 19:00:52.874: Ending debug session 0096b000-a72c-4fbb-9a1d-b3be5fff892b
info 19:00:52.874: Ending debug session 0096b000-a72c-4fbb-9a1d-b3be5fff892b
info 19:01:05.517: Ending debug session 8ee39cb6-e7de-4c87-af97-62f78045531c
info 19:01:05.517: Ending debug session 8ee39cb6-e7de-4c87-af97-62f78045531c
info 19:03:04.667: Ending debug session 34efab56-d401-46d2-9bb4-4259fa837090
info 19:03:04.667: Ending debug session 34efab56-d401-46d2-9bb4-4259fa837090
info 19:03:23.497: Ending debug session b1cee88b-c60c-46d9-ba6b-9e5b7facb16a
info 19:03:23.497: Ending debug session b1cee88b-c60c-46d9-ba6b-9e5b7facb16a
info 19:05:55.005: Ending debug session f476e5b0-0620-4a5c-ab98-c732e9a9fb62
info 19:05:55.005: Ending debug session f476e5b0-0620-4a5c-ab98-c732e9a9fb62
