2023-05-04 18:58:12.390 [info] Getting Manifest... ms-vscode.cmake-tools
2023-05-04 18:58:12.522 [info] Installing extension: ms-vscode.cmake-tools
2023-05-04 18:58:12.523 [info] Installing the extension without checking dependencies and pack ms-vscode.cmake-tools
2023-05-04 18:58:12.843 [info] Getting Manifest... ms-python.vscode-pylance
2023-05-04 18:58:12.845 [info] Getting Manifest... ms-vscode.azure-account
2023-05-04 18:58:12.859 [info] Installing extension: ms-vscode.azure-account
2023-05-04 18:58:12.859 [info] Installing extension: ms-python.vscode-pylance
2023-05-04 18:58:13.059 [warning] Extension signature verification failed with error 'UnknownError': ms-vscode.cmake-tools
2023-05-04 18:58:13.186 [info] Extracted extension to /home/nicklas/.vscode/extensions/.67531330-fc3b-4269-a6d8-25f153236f38: ms-vscode.cmake-tools
2023-05-04 18:58:13.192 [info] Renamed to /home/nicklas/.vscode/extensions/ms-vscode.cmake-tools-1.14.31
2023-05-04 18:58:13.195 [info] Extracting extension completed. ms-vscode.cmake-tools
2023-05-04 18:58:13.202 [info] Extension installed successfully: ms-vscode.cmake-tools
2023-05-04 18:58:13.203 [info] Getting Manifest... twxs.cmake
2023-05-04 18:58:13.292 [info] Installing extension: twxs.cmake
2023-05-04 18:58:13.292 [info] Installing the extension without checking dependencies and pack twxs.cmake
2023-05-04 18:58:13.384 [warning] Extension signature verification failed with error 'UnknownError': ms-vscode.azure-account
2023-05-04 18:58:13.434 [info] Extracted extension to /home/nicklas/.vscode/extensions/.a6c341ac-cf7b-42dd-9f3f-24079e9642cd: ms-vscode.azure-account
2023-05-04 18:58:13.438 [info] Renamed to /home/nicklas/.vscode/extensions/ms-vscode.azure-account-0.11.4
2023-05-04 18:58:13.440 [info] Extracting extension completed. ms-vscode.azure-account
2023-05-04 18:58:13.447 [info] Extension installed successfully: ms-vscode.azure-account
2023-05-04 18:58:13.449 [info] Marked extension as uninstalled ms-vscode.azure-account-0.11.3
2023-05-04 18:58:13.891 [warning] Extension signature verification failed with error 'UnknownError': twxs.cmake
2023-05-04 18:58:13.988 [info] Extracted extension to /home/nicklas/.vscode/extensions/.ee9df32e-a14b-4e8f-86a0-6690d45080f4: twxs.cmake
2023-05-04 18:58:13.992 [info] Renamed to /home/nicklas/.vscode/extensions/twxs.cmake-0.0.17
2023-05-04 18:58:13.993 [info] Extracting extension completed. twxs.cmake
2023-05-04 18:58:14.000 [info] Extension installed successfully: twxs.cmake
2023-05-04 18:58:14.000 [info] Getting Manifest... ms-vscode.cpptools
2023-05-04 18:58:14.011 [info] Installing extension: ms-vscode.cpptools
2023-05-04 18:58:14.011 [info] Installing the extension without checking dependencies and pack ms-vscode.cpptools
2023-05-04 18:58:14.134 [info] Getting Manifest... ms-python.python
2023-05-04 18:58:15.305 [warning] Extension signature verification failed with error 'UnknownError': ms-python.vscode-pylance
2023-05-04 18:58:16.590 [warning] Extension signature verification failed with error 'UnknownError': ms-vscode.cpptools
2023-05-04 18:58:17.574 [info] Extracted extension to /home/nicklas/.vscode/extensions/.ce475fe3-dd4c-48d4-9239-41b8ead5476f: ms-python.vscode-pylance
2023-05-04 18:58:17.586 [info] Renamed to /home/nicklas/.vscode/extensions/ms-python.vscode-pylance-2023.5.10
2023-05-04 18:58:17.587 [info] Extracting extension completed. ms-python.vscode-pylance
2023-05-04 18:58:17.594 [info] Extension installed successfully: ms-python.vscode-pylance
2023-05-04 18:58:17.597 [info] Marked extension as uninstalled ms-python.vscode-pylance-2023.4.40
2023-05-04 18:58:18.306 [info] Extracted extension to /home/nicklas/.vscode/extensions/.b2841c9f-6d42-41b7-9ff8-325130e54e43: ms-vscode.cpptools
2023-05-04 18:58:18.318 [info] Renamed to /home/nicklas/.vscode/extensions/ms-vscode.cpptools-1.15.4-linux-x64
2023-05-04 18:58:18.322 [info] Extracting extension completed. ms-vscode.cpptools
2023-05-04 18:58:18.329 [info] Extension installed successfully: ms-vscode.cpptools
2023-05-04 18:58:18.330 [info] Getting Manifest... ms-vscode.cpptools-themes
2023-05-04 18:58:18.339 [info] Installing extension: ms-vscode.cpptools-themes
2023-05-04 18:58:18.339 [info] Installing the extension without checking dependencies and pack ms-vscode.cpptools-themes
2023-05-04 18:58:18.748 [warning] Extension signature verification failed with error 'UnknownError': ms-vscode.cpptools-themes
2023-05-04 18:58:18.755 [info] Extracted extension to /home/nicklas/.vscode/extensions/.00daff71-0262-4a10-ac95-c00319bef859: ms-vscode.cpptools-themes
2023-05-04 18:58:18.758 [info] Renamed to /home/nicklas/.vscode/extensions/ms-vscode.cpptools-themes-2.0.0
2023-05-04 18:58:18.759 [info] Extracting extension completed. ms-vscode.cpptools-themes
2023-05-04 18:58:18.766 [info] Extension installed successfully: ms-vscode.cpptools-themes
2023-05-04 18:58:18.766 [info] Getting Manifest... ms-vscode.cpptools-extension-pack
2023-05-04 18:58:18.776 [info] Installing extension: ms-vscode.cpptools-extension-pack
2023-05-04 18:58:18.776 [info] Installing the extension without checking dependencies and pack ms-vscode.cpptools-extension-pack
2023-05-04 18:58:19.022 [warning] Extension signature verification failed with error 'UnknownError': ms-vscode.cpptools-extension-pack
2023-05-04 18:58:19.027 [info] Extracted extension to /home/nicklas/.vscode/extensions/.987df994-7ba2-4b78-8ec6-5c7a22dc7b49: ms-vscode.cpptools-extension-pack
2023-05-04 18:58:19.032 [info] Renamed to /home/nicklas/.vscode/extensions/ms-vscode.cpptools-extension-pack-1.3.0
2023-05-04 18:58:19.033 [info] Extracting extension completed. ms-vscode.cpptools-extension-pack
2023-05-04 18:58:19.042 [info] Extension installed successfully: ms-vscode.cpptools-extension-pack
