2023-05-01 20:24:33.197 [info] Reading sessions from keychain...
2023-05-01 20:24:33.197 [info] Getting sessions for all scopes...
2023-05-01 20:24:33.197 [info] Getting sessions for read:user...
2023-05-01 20:24:33.197 [info] Getting sessions for read:user...
2023-05-01 20:24:33.197 [info] Got stored sessions!
2023-05-01 20:24:33.197 [info] Got 2 verified sessions.
2023-05-01 20:24:33.197 [info] Got 2 sessions for ...
2023-05-01 20:24:33.197 [info] Got 1 sessions for read:user...
2023-05-01 20:24:33.197 [info] Got 1 sessions for read:user...
2023-05-01 20:24:33.197 [info] Getting sessions for user:email...
2023-05-01 20:24:33.197 [info] Got 1 sessions for user:email...
2023-05-01 20:24:33.197 [info] Getting sessions for all scopes...
2023-05-01 20:24:33.197 [info] Got 2 sessions for ...
2023-05-01 20:24:33.253 [info] Getting sessions for all scopes...
2023-05-01 20:24:33.253 [info] Got 2 sessions for ...
2023-05-01 20:49:33.793 [info] Getting sessions for read:user...
2023-05-01 20:49:33.793 [info] Got 1 sessions for read:user...
2023-05-01 20:49:35.141 [info] Getting sessions for read:user...
2023-05-01 20:49:35.141 [info] Got 1 sessions for read:user...
2023-05-01 21:14:34.147 [info] Getting sessions for read:user...
2023-05-01 21:14:34.147 [info] Got 1 sessions for read:user...
2023-05-01 21:14:36.436 [info] Getting sessions for read:user...
2023-05-01 21:14:36.436 [info] Got 1 sessions for read:user...
2023-05-01 21:39:34.514 [info] Getting sessions for read:user...
2023-05-01 21:39:34.514 [info] Got 1 sessions for read:user...
2023-05-01 21:39:37.721 [info] Getting sessions for read:user...
2023-05-01 21:39:37.721 [info] Got 1 sessions for read:user...
