Visual Studio Code (1.77.3, undefined, desktop)
Jupyter Extension Version: 2023.3.1201040234.
Python Extension Version: 2023.6.1.
Workspace folder /home/nicklas/Projects/maxscience
info 19:34:52.725: LSP Notebooks experiment is enabled
info 19:34:54.134: Process Execution: > ~/mambaforge/envs/math/bin/python -m pip list
> ~/mambaforge/envs/math/bin/python -m pip list
warn 19:34:54.167: No interpreter with path /home/nicklas/mambaforge/envs/port6/bin/python3.11 found in Python API, will convert Uri path to string as Id /home/nicklas/mambaforge/envs/port6/bin/python3.11
warn 19:34:54.168: No interpreter with path /home/nicklas/Study/Bachelor_2/Semester_2/mlpr/venv/bin/python found in Python API, will convert Uri path to string as Id /home/nicklas/Study/Bachelor_2/Semester_2/mlpr/venv/bin/python
warn 19:34:54.173: No interpreter with path /home/nicklas/mambaforge/envs/port6/bin/python3.11 found in Python API, will convert Uri path to string as Id /home/nicklas/mambaforge/envs/port6/bin/python3.11
warn 19:34:54.174: No interpreter with path /home/nicklas/Study/Bachelor_2/Semester_2/mlpr/venv/bin/python found in Python API, will convert Uri path to string as Id /home/nicklas/Study/Bachelor_2/Semester_2/mlpr/venv/bin/python
warn 19:34:54.177: No interpreter with path /home/nicklas/mambaforge/envs/port6/bin/python3.11 found in Python API, will convert Uri path to string as Id /home/nicklas/mambaforge/envs/port6/bin/python3.11
warn 19:34:54.178: No interpreter with path /home/nicklas/Study/Bachelor_2/Semester_2/mlpr/venv/bin/python found in Python API, will convert Uri path to string as Id /home/nicklas/Study/Bachelor_2/Semester_2/mlpr/venv/bin/python
warn 19:34:54.181: No interpreter with path /home/nicklas/mambaforge/envs/port6/bin/python3.11 found in Python API, will convert Uri path to string as Id /home/nicklas/mambaforge/envs/port6/bin/python3.11
warn 19:34:54.182: No interpreter with path /home/nicklas/Study/Bachelor_2/Semester_2/mlpr/venv/bin/python found in Python API, will convert Uri path to string as Id /home/nicklas/Study/Bachelor_2/Semester_2/mlpr/venv/bin/python
warn 19:34:54.184: No interpreter with path /home/nicklas/mambaforge/envs/port6/bin/python3.11 found in Python API, will convert Uri path to string as Id /home/nicklas/mambaforge/envs/port6/bin/python3.11
warn 19:34:54.185: No interpreter with path /home/nicklas/Study/Bachelor_2/Semester_2/mlpr/venv/bin/python found in Python API, will convert Uri path to string as Id /home/nicklas/Study/Bachelor_2/Semester_2/mlpr/venv/bin/python
warn 19:34:54.188: No interpreter with path /home/nicklas/mambaforge/envs/port6/bin/python3.11 found in Python API, will convert Uri path to string as Id /home/nicklas/mambaforge/envs/port6/bin/python3.11
warn 19:34:54.189: No interpreter with path /home/nicklas/Study/Bachelor_2/Semester_2/mlpr/venv/bin/python found in Python API, will convert Uri path to string as Id /home/nicklas/Study/Bachelor_2/Semester_2/mlpr/venv/bin/python
warn 19:34:54.191: No interpreter with path /home/nicklas/mambaforge/envs/port6/bin/python3.11 found in Python API, will convert Uri path to string as Id /home/nicklas/mambaforge/envs/port6/bin/python3.11
warn 19:34:54.193: No interpreter with path /home/nicklas/Study/Bachelor_2/Semester_2/mlpr/venv/bin/python found in Python API, will convert Uri path to string as Id /home/nicklas/Study/Bachelor_2/Semester_2/mlpr/venv/bin/python
warn 19:34:54.195: No interpreter with path /home/nicklas/mambaforge/envs/port6/bin/python3.11 found in Python API, will convert Uri path to string as Id /home/nicklas/mambaforge/envs/port6/bin/python3.11
warn 19:34:54.196: No interpreter with path /home/nicklas/Study/Bachelor_2/Semester_2/mlpr/venv/bin/python found in Python API, will convert Uri path to string as Id /home/nicklas/Study/Bachelor_2/Semester_2/mlpr/venv/bin/python
warn 19:34:54.198: No interpreter with path /home/nicklas/mambaforge/envs/port6/bin/python3.11 found in Python API, will convert Uri path to string as Id /home/nicklas/mambaforge/envs/port6/bin/python3.11
warn 19:34:54.200: No interpreter with path /home/nicklas/Study/Bachelor_2/Semester_2/mlpr/venv/bin/python found in Python API, will convert Uri path to string as Id /home/nicklas/Study/Bachelor_2/Semester_2/mlpr/venv/bin/python
warn 19:34:54.202: No interpreter with path /home/nicklas/mambaforge/envs/port6/bin/python3.11 found in Python API, will convert Uri path to string as Id /home/nicklas/mambaforge/envs/port6/bin/python3.11
warn 19:34:54.203: No interpreter with path /home/nicklas/Study/Bachelor_2/Semester_2/mlpr/venv/bin/python found in Python API, will convert Uri path to string as Id /home/nicklas/Study/Bachelor_2/Semester_2/mlpr/venv/bin/python
warn 19:34:54.205: No interpreter with path /home/nicklas/mambaforge/envs/port6/bin/python3.11 found in Python API, will convert Uri path to string as Id /home/nicklas/mambaforge/envs/port6/bin/python3.11
warn 19:34:54.206: No interpreter with path /home/nicklas/Study/Bachelor_2/Semester_2/mlpr/venv/bin/python found in Python API, will convert Uri path to string as Id /home/nicklas/Study/Bachelor_2/Semester_2/mlpr/venv/bin/python
warn 19:34:54.208: No interpreter with path /home/nicklas/mambaforge/envs/port6/bin/python3.11 found in Python API, will convert Uri path to string as Id /home/nicklas/mambaforge/envs/port6/bin/python3.11
warn 19:34:54.209: No interpreter with path /home/nicklas/Study/Bachelor_2/Semester_2/mlpr/venv/bin/python found in Python API, will convert Uri path to string as Id /home/nicklas/Study/Bachelor_2/Semester_2/mlpr/venv/bin/python
warn 19:34:54.211: No interpreter with path /home/nicklas/mambaforge/envs/port6/bin/python3.11 found in Python API, will convert Uri path to string as Id /home/nicklas/mambaforge/envs/port6/bin/python3.11
warn 19:34:54.214: No interpreter with path /home/nicklas/Study/Bachelor_2/Semester_2/mlpr/venv/bin/python found in Python API, will convert Uri path to string as Id /home/nicklas/Study/Bachelor_2/Semester_2/mlpr/venv/bin/python
warn 19:34:54.216: No interpreter with path /home/nicklas/mambaforge/envs/port6/bin/python3.11 found in Python API, will convert Uri path to string as Id /home/nicklas/mambaforge/envs/port6/bin/python3.11
warn 19:34:54.218: No interpreter with path /home/nicklas/Study/Bachelor_2/Semester_2/mlpr/venv/bin/python found in Python API, will convert Uri path to string as Id /home/nicklas/Study/Bachelor_2/Semester_2/mlpr/venv/bin/python
warn 19:34:54.352: No interpreter with path /home/nicklas/mambaforge/envs/port6/bin/python3.11 found in Python API, will convert Uri path to string as Id /home/nicklas/mambaforge/envs/port6/bin/python3.11
warn 19:34:54.353: No interpreter with path /home/nicklas/Study/Bachelor_2/Semester_2/mlpr/venv/bin/python found in Python API, will convert Uri path to string as Id /home/nicklas/Study/Bachelor_2/Semester_2/mlpr/venv/bin/python
warn 19:34:54.355: No interpreter with path /home/nicklas/mambaforge/envs/port6/bin/python3.11 found in Python API, will convert Uri path to string as Id /home/nicklas/mambaforge/envs/port6/bin/python3.11
warn 19:34:54.356: No interpreter with path /home/nicklas/Study/Bachelor_2/Semester_2/mlpr/venv/bin/python found in Python API, will convert Uri path to string as Id /home/nicklas/Study/Bachelor_2/Semester_2/mlpr/venv/bin/python
warn 19:34:54.358: No interpreter with path /home/nicklas/mambaforge/envs/port6/bin/python3.11 found in Python API, will convert Uri path to string as Id /home/nicklas/mambaforge/envs/port6/bin/python3.11
warn 19:34:54.360: No interpreter with path /home/nicklas/Study/Bachelor_2/Semester_2/mlpr/venv/bin/python found in Python API, will convert Uri path to string as Id /home/nicklas/Study/Bachelor_2/Semester_2/mlpr/venv/bin/python
warn 19:34:54.362: No interpreter with path /home/nicklas/mambaforge/envs/port6/bin/python3.11 found in Python API, will convert Uri path to string as Id /home/nicklas/mambaforge/envs/port6/bin/python3.11
warn 19:34:54.363: No interpreter with path /home/nicklas/Study/Bachelor_2/Semester_2/mlpr/venv/bin/python found in Python API, will convert Uri path to string as Id /home/nicklas/Study/Bachelor_2/Semester_2/mlpr/venv/bin/python
warn 19:34:54.366: No interpreter with path /home/nicklas/mambaforge/envs/port6/bin/python3.11 found in Python API, will convert Uri path to string as Id /home/nicklas/mambaforge/envs/port6/bin/python3.11
warn 19:34:54.367: No interpreter with path /home/nicklas/Study/Bachelor_2/Semester_2/mlpr/venv/bin/python found in Python API, will convert Uri path to string as Id /home/nicklas/Study/Bachelor_2/Semester_2/mlpr/venv/bin/python
warn 19:34:54.370: No interpreter with path /home/nicklas/mambaforge/envs/port6/bin/python3.11 found in Python API, will convert Uri path to string as Id /home/nicklas/mambaforge/envs/port6/bin/python3.11
warn 19:34:54.371: No interpreter with path /home/nicklas/Study/Bachelor_2/Semester_2/mlpr/venv/bin/python found in Python API, will convert Uri path to string as Id /home/nicklas/Study/Bachelor_2/Semester_2/mlpr/venv/bin/python
warn 19:34:54.374: No interpreter with path /home/nicklas/mambaforge/envs/port6/bin/python3.11 found in Python API, will convert Uri path to string as Id /home/nicklas/mambaforge/envs/port6/bin/python3.11
warn 19:34:54.375: No interpreter with path /home/nicklas/Study/Bachelor_2/Semester_2/mlpr/venv/bin/python found in Python API, will convert Uri path to string as Id /home/nicklas/Study/Bachelor_2/Semester_2/mlpr/venv/bin/python
warn 19:34:54.377: No interpreter with path /home/nicklas/mambaforge/envs/port6/bin/python3.11 found in Python API, will convert Uri path to string as Id /home/nicklas/mambaforge/envs/port6/bin/python3.11
warn 19:34:54.378: No interpreter with path /home/nicklas/Study/Bachelor_2/Semester_2/mlpr/venv/bin/python found in Python API, will convert Uri path to string as Id /home/nicklas/Study/Bachelor_2/Semester_2/mlpr/venv/bin/python
warn 19:34:54.546: No interpreter with path /home/nicklas/Study/Bachelor_2/Semester_2/mlpr/venv/bin/python found in Python API, will convert Uri path to string as Id /home/nicklas/Study/Bachelor_2/Semester_2/mlpr/venv/bin/python
warn 19:34:54.547: No interpreter with path /home/nicklas/Study/Bachelor_2/Semester_2/mlpr/venv/bin/python found in Python API, will convert Uri path to string as Id /home/nicklas/Study/Bachelor_2/Semester_2/mlpr/venv/bin/python
warn 19:34:54.549: No interpreter with path /home/nicklas/Study/Bachelor_2/Semester_2/mlpr/venv/bin/python found in Python API, will convert Uri path to string as Id /home/nicklas/Study/Bachelor_2/Semester_2/mlpr/venv/bin/python
warn 19:34:54.553: No interpreter with path /home/nicklas/Study/Bachelor_2/Semester_2/mlpr/venv/bin/python found in Python API, will convert Uri path to string as Id /home/nicklas/Study/Bachelor_2/Semester_2/mlpr/venv/bin/python
warn 19:34:54.554: No interpreter with path /home/nicklas/Study/Bachelor_2/Semester_2/mlpr/venv/bin/python found in Python API, will convert Uri path to string as Id /home/nicklas/Study/Bachelor_2/Semester_2/mlpr/venv/bin/python
warn 19:34:54.556: No interpreter with path /home/nicklas/Study/Bachelor_2/Semester_2/mlpr/venv/bin/python found in Python API, will convert Uri path to string as Id /home/nicklas/Study/Bachelor_2/Semester_2/mlpr/venv/bin/python
warn 19:34:54.558: No interpreter with path /home/nicklas/Study/Bachelor_2/Semester_2/mlpr/venv/bin/python found in Python API, will convert Uri path to string as Id /home/nicklas/Study/Bachelor_2/Semester_2/mlpr/venv/bin/python
warn 19:34:54.559: No interpreter with path /home/nicklas/Study/Bachelor_2/Semester_2/mlpr/venv/bin/python found in Python API, will convert Uri path to string as Id /home/nicklas/Study/Bachelor_2/Semester_2/mlpr/venv/bin/python
warn 19:34:54.561: No interpreter with path /home/nicklas/Study/Bachelor_2/Semester_2/mlpr/venv/bin/python found in Python API, will convert Uri path to string as Id /home/nicklas/Study/Bachelor_2/Semester_2/mlpr/venv/bin/python
warn 19:34:54.563: No interpreter with path /home/nicklas/Study/Bachelor_2/Semester_2/mlpr/venv/bin/python found in Python API, will convert Uri path to string as Id /home/nicklas/Study/Bachelor_2/Semester_2/mlpr/venv/bin/python
warn 19:34:54.565: No interpreter with path /home/nicklas/Study/Bachelor_2/Semester_2/mlpr/venv/bin/python found in Python API, will convert Uri path to string as Id /home/nicklas/Study/Bachelor_2/Semester_2/mlpr/venv/bin/python
warn 19:34:54.566: No interpreter with path /home/nicklas/Study/Bachelor_2/Semester_2/mlpr/venv/bin/python found in Python API, will convert Uri path to string as Id /home/nicklas/Study/Bachelor_2/Semester_2/mlpr/venv/bin/python
warn 19:34:54.568: No interpreter with path /home/nicklas/Study/Bachelor_2/Semester_2/mlpr/venv/bin/python found in Python API, will convert Uri path to string as Id /home/nicklas/Study/Bachelor_2/Semester_2/mlpr/venv/bin/python
warn 19:34:54.569: No interpreter with path /home/nicklas/Study/Bachelor_2/Semester_2/mlpr/venv/bin/python found in Python API, will convert Uri path to string as Id /home/nicklas/Study/Bachelor_2/Semester_2/mlpr/venv/bin/python
warn 19:34:54.571: No interpreter with path /home/nicklas/Study/Bachelor_2/Semester_2/mlpr/venv/bin/python found in Python API, will convert Uri path to string as Id /home/nicklas/Study/Bachelor_2/Semester_2/mlpr/venv/bin/python
warn 19:34:54.573: No interpreter with path /home/nicklas/Study/Bachelor_2/Semester_2/mlpr/venv/bin/python found in Python API, will convert Uri path to string as Id /home/nicklas/Study/Bachelor_2/Semester_2/mlpr/venv/bin/python
warn 19:34:54.574: No interpreter with path /home/nicklas/Study/Bachelor_2/Semester_2/mlpr/venv/bin/python found in Python API, will convert Uri path to string as Id /home/nicklas/Study/Bachelor_2/Semester_2/mlpr/venv/bin/python
warn 19:34:54.576: No interpreter with path /home/nicklas/Study/Bachelor_2/Semester_2/mlpr/venv/bin/python found in Python API, will convert Uri path to string as Id /home/nicklas/Study/Bachelor_2/Semester_2/mlpr/venv/bin/python
warn 19:34:54.578: No interpreter with path /home/nicklas/Study/Bachelor_2/Semester_2/mlpr/venv/bin/python found in Python API, will convert Uri path to string as Id /home/nicklas/Study/Bachelor_2/Semester_2/mlpr/venv/bin/python
warn 19:34:54.579: No interpreter with path /home/nicklas/Study/Bachelor_2/Semester_2/mlpr/venv/bin/python found in Python API, will convert Uri path to string as Id /home/nicklas/Study/Bachelor_2/Semester_2/mlpr/venv/bin/python
warn 19:34:54.581: No interpreter with path /home/nicklas/Study/Bachelor_2/Semester_2/mlpr/venv/bin/python found in Python API, will convert Uri path to string as Id /home/nicklas/Study/Bachelor_2/Semester_2/mlpr/venv/bin/python
warn 19:34:54.582: No interpreter with path /home/nicklas/Study/Bachelor_2/Semester_2/mlpr/venv/bin/python found in Python API, will convert Uri path to string as Id /home/nicklas/Study/Bachelor_2/Semester_2/mlpr/venv/bin/python
warn 19:34:54.585: No interpreter with path /home/nicklas/Study/Bachelor_2/Semester_2/mlpr/venv/bin/python found in Python API, will convert Uri path to string as Id /home/nicklas/Study/Bachelor_2/Semester_2/mlpr/venv/bin/python
info 20:10:47.735: Ending debug session eddc3798-ff99-4782-a4e9-b71fa9d15afa
info 20:10:47.735: Ending debug session eddc3798-ff99-4782-a4e9-b71fa9d15afa
info 20:18:00.841: Ending debug session 2e6b3263-7903-429d-814b-c5d97944db86
info 20:18:00.841: Ending debug session 2e6b3263-7903-429d-814b-c5d97944db86
info 21:41:34.840: Ending debug session ee4a6a8f-d90c-4e7f-a4d5-6c518aaac691
info 21:41:34.840: Ending debug session ee4a6a8f-d90c-4e7f-a4d5-6c518aaac691
info 21:42:06.813: Ending debug session b2a42cfb-e454-4208-9314-fb011d159304
info 21:42:06.813: Ending debug session b2a42cfb-e454-4208-9314-fb011d159304
info 21:45:13.095: Ending debug session 76a723ff-43fe-40e8-8db2-62e0bd02e25a
info 21:45:13.095: Ending debug session 76a723ff-43fe-40e8-8db2-62e0bd02e25a
info 21:46:11.238: Ending debug session 8fa88a42-cbde-4728-b7aa-6779beb13dfc
info 21:46:11.238: Ending debug session 8fa88a42-cbde-4728-b7aa-6779beb13dfc
info 21:47:40.338: Ending debug session d37bdd2e-7148-442c-aa7f-51a46a359149
info 21:47:40.338: Ending debug session d37bdd2e-7148-442c-aa7f-51a46a359149
info 21:52:34.504: Ending debug session 8edf2c07-7554-4f00-aaee-b2bc2129004d
info 21:52:34.504: Ending debug session 8edf2c07-7554-4f00-aaee-b2bc2129004d
info 21:53:15.419: Ending debug session 32c2c28b-623f-4a78-84d5-8d05e137d999
info 21:53:15.419: Ending debug session 32c2c28b-623f-4a78-84d5-8d05e137d999
info 21:55:40.102: Ending debug session 486392e5-0ba3-4e03-8fa0-e09ff430879a
info 21:55:40.102: Ending debug session 486392e5-0ba3-4e03-8fa0-e09ff430879a
info 21:56:18.669: Ending debug session d50c6545-28ce-4e93-942f-2efef496fcce
info 21:56:18.669: Ending debug session d50c6545-28ce-4e93-942f-2efef496fcce
info 12:14:40.689: Ending debug session 5da039fa-ecbf-46a2-8bde-088914d9578f
info 12:14:40.689: Ending debug session 5da039fa-ecbf-46a2-8bde-088914d9578f
info 12:19:33.077: Ending debug session c728c4d5-6d26-4842-a568-655900243c9a
info 12:19:33.077: Ending debug session c728c4d5-6d26-4842-a568-655900243c9a
info 12:22:32.420: Ending debug session 6090b45f-bd20-4c2a-afba-72858ac5122c
info 12:22:32.420: Ending debug session 6090b45f-bd20-4c2a-afba-72858ac5122c
info 12:23:01.795: Ending debug session 3b5764d8-839c-4949-97f7-a7945f1ed2d8
info 12:23:01.795: Ending debug session 3b5764d8-839c-4949-97f7-a7945f1ed2d8
info 12:23:17.228: Ending debug session 011c5c17-095b-4820-8165-4dba5dc87f15
info 12:23:17.228: Ending debug session 011c5c17-095b-4820-8165-4dba5dc87f15
info 12:26:03.589: Ending debug session 49b5cb57-65c4-43de-8dc0-e489d1b8a146
info 12:26:03.589: Ending debug session 49b5cb57-65c4-43de-8dc0-e489d1b8a146
info 12:26:43.590: Ending debug session 90e30cc8-3462-4057-a4dd-dc07285214b6
info 12:26:43.590: Ending debug session 90e30cc8-3462-4057-a4dd-dc07285214b6
info 19:49:47.884: Ending debug session 40dccf06-93f8-4005-a5d4-16b174c9467d
info 19:49:47.884: Ending debug session 40dccf06-93f8-4005-a5d4-16b174c9467d
info 20:10:01.199: Ending debug session f525ffe2-ec01-4e84-9b3a-c794e06ecb75
info 20:10:01.199: Ending debug session f525ffe2-ec01-4e84-9b3a-c794e06ecb75
info 20:19:40.965: Ending debug session 12476ca7-35a8-4008-9d6d-c3d3e58c418a
info 20:19:40.965: Ending debug session 12476ca7-35a8-4008-9d6d-c3d3e58c418a
info 20:23:49.233: Ending debug session 38ced18d-ec7a-42dd-99b6-0af899b99f44
info 20:23:49.233: Ending debug session 38ced18d-ec7a-42dd-99b6-0af899b99f44
info 21:28:17.253: Ending debug session efdb5084-1b64-4125-afcd-7a41811b40d8
info 21:28:17.253: Ending debug session efdb5084-1b64-4125-afcd-7a41811b40d8
info 21:36:46.369: Shutting down notebooks for 3f18a928-359b-4b3e-8943-a5de8d13055a
info 21:36:46.369: Disposing HostJupyterExecution 6ca88d00-892a-48b3-92cc-e4219255c2b7
info 21:36:46.369: Disposing HostJupyterExecution 6ca88d00-892a-48b3-92cc-e4219255c2b7
