2023-05-06 21:36:51.021 [info] Reading sessions from keychain...
2023-05-06 21:36:51.021 [info] Getting sessions for all scopes...
2023-05-06 21:36:51.021 [info] Getting sessions for user:email...
2023-05-06 21:36:51.021 [info] Getting sessions for all scopes...
2023-05-06 21:36:51.021 [info] Getting sessions for read:user...
2023-05-06 21:36:51.021 [info] Getting sessions for read:user...
2023-05-06 21:36:51.021 [info] Got stored sessions!
2023-05-06 21:36:51.021 [info] Got 2 verified sessions.
2023-05-06 21:36:51.021 [info] Got 2 sessions for ...
2023-05-06 21:36:51.021 [info] Got 1 sessions for user:email...
2023-05-06 21:36:51.021 [info] Got 2 sessions for ...
2023-05-06 21:36:51.021 [info] Got 1 sessions for read:user...
2023-05-06 21:36:51.021 [info] Got 1 sessions for read:user...
2023-05-06 21:36:51.117 [info] Getting sessions for all scopes...
2023-05-06 21:36:51.117 [info] Got 2 sessions for ...
2023-05-06 22:01:51.448 [info] Getting sessions for read:user...
2023-05-06 22:01:51.448 [info] Got 1 sessions for read:user...
2023-05-06 22:01:52.711 [info] Getting sessions for read:user...
2023-05-06 22:01:52.711 [info] Got 1 sessions for read:user...
2023-05-06 22:58:24.370 [info] Getting sessions for read:user...
2023-05-06 22:58:24.370 [info] Got 1 sessions for read:user...
2023-05-06 22:58:26.511 [info] Getting sessions for read:user...
2023-05-06 22:58:26.511 [info] Got 1 sessions for read:user...
2023-05-06 23:23:25.456 [info] Getting sessions for read:user...
2023-05-06 23:23:25.456 [info] Got 1 sessions for read:user...
2023-05-06 23:23:28.895 [info] Getting sessions for read:user...
2023-05-06 23:23:28.895 [info] Got 1 sessions for read:user...
2023-05-06 23:48:25.804 [info] Getting sessions for read:user...
2023-05-06 23:48:25.804 [info] Got 1 sessions for read:user...
2023-05-06 23:48:30.147 [info] Getting sessions for read:user...
2023-05-06 23:48:30.147 [info] Got 1 sessions for read:user...
2023-05-07 00:13:26.150 [info] Getting sessions for read:user...
2023-05-07 00:13:26.150 [info] Got 1 sessions for read:user...
2023-05-07 00:13:31.788 [info] Getting sessions for read:user...
2023-05-07 00:13:31.788 [info] Got 1 sessions for read:user...
2023-05-07 00:38:26.549 [info] Getting sessions for read:user...
2023-05-07 00:38:26.549 [info] Got 1 sessions for read:user...
2023-05-07 00:38:33.365 [info] Getting sessions for read:user...
2023-05-07 00:38:33.365 [info] Got 1 sessions for read:user...
2023-05-07 01:03:26.882 [info] Getting sessions for read:user...
2023-05-07 01:03:26.882 [info] Got 1 sessions for read:user...
2023-05-07 01:03:34.567 [info] Getting sessions for read:user...
2023-05-07 01:03:34.567 [info] Got 1 sessions for read:user...
2023-05-07 01:28:27.254 [info] Getting sessions for read:user...
2023-05-07 01:28:27.254 [info] Got 1 sessions for read:user...
2023-05-07 01:28:35.820 [info] Getting sessions for read:user...
2023-05-07 01:28:35.820 [info] Got 1 sessions for read:user...
2023-05-07 01:53:27.622 [info] Getting sessions for read:user...
2023-05-07 01:53:27.622 [info] Got 1 sessions for read:user...
2023-05-07 01:53:37.462 [info] Getting sessions for read:user...
2023-05-07 01:53:37.462 [info] Got 1 sessions for read:user...
2023-05-07 02:18:27.966 [info] Getting sessions for read:user...
2023-05-07 02:18:27.966 [info] Got 1 sessions for read:user...
2023-05-07 02:18:38.717 [info] Getting sessions for read:user...
2023-05-07 02:18:38.717 [info] Got 1 sessions for read:user...
2023-05-07 02:43:28.326 [info] Getting sessions for read:user...
2023-05-07 02:43:28.326 [info] Got 1 sessions for read:user...
2023-05-07 02:43:39.934 [info] Getting sessions for read:user...
2023-05-07 02:43:39.934 [info] Got 1 sessions for read:user...
2023-05-07 03:08:28.684 [info] Getting sessions for read:user...
2023-05-07 03:08:28.684 [info] Got 1 sessions for read:user...
2023-05-07 03:08:41.560 [info] Getting sessions for read:user...
2023-05-07 03:08:41.560 [info] Got 1 sessions for read:user...
2023-05-07 03:33:29.048 [info] Getting sessions for read:user...
2023-05-07 03:33:29.048 [info] Got 1 sessions for read:user...
2023-05-07 03:33:42.754 [info] Getting sessions for read:user...
2023-05-07 03:33:42.755 [info] Got 1 sessions for read:user...
2023-05-07 03:58:29.389 [info] Getting sessions for read:user...
2023-05-07 03:58:29.389 [info] Got 1 sessions for read:user...
2023-05-07 03:58:44.080 [info] Getting sessions for read:user...
2023-05-07 03:58:44.080 [info] Got 1 sessions for read:user...
2023-05-07 04:23:29.746 [info] Getting sessions for read:user...
2023-05-07 04:23:29.746 [info] Got 1 sessions for read:user...
2023-05-07 04:23:45.675 [info] Getting sessions for read:user...
2023-05-07 04:23:45.675 [info] Got 1 sessions for read:user...
2023-05-07 04:48:30.091 [info] Getting sessions for read:user...
2023-05-07 04:48:30.091 [info] Got 1 sessions for read:user...
2023-05-07 04:48:46.851 [info] Getting sessions for read:user...
2023-05-07 04:48:46.851 [info] Got 1 sessions for read:user...
2023-05-07 05:13:30.465 [info] Getting sessions for read:user...
2023-05-07 05:13:30.465 [info] Got 1 sessions for read:user...
2023-05-07 05:13:48.189 [info] Getting sessions for read:user...
2023-05-07 05:13:48.189 [info] Got 1 sessions for read:user...
2023-05-07 05:38:30.808 [info] Getting sessions for read:user...
2023-05-07 05:38:30.808 [info] Got 1 sessions for read:user...
2023-05-07 05:38:49.818 [info] Getting sessions for read:user...
2023-05-07 05:38:49.818 [info] Got 1 sessions for read:user...
2023-05-07 06:03:31.187 [info] Getting sessions for read:user...
2023-05-07 06:03:31.187 [info] Got 1 sessions for read:user...
2023-05-07 06:03:51.065 [info] Getting sessions for read:user...
2023-05-07 06:03:51.065 [info] Got 1 sessions for read:user...
2023-05-07 06:28:31.547 [info] Getting sessions for read:user...
2023-05-07 06:28:31.547 [info] Got 1 sessions for read:user...
2023-05-07 06:28:52.302 [info] Getting sessions for read:user...
2023-05-07 06:28:52.302 [info] Got 1 sessions for read:user...
2023-05-07 06:53:31.917 [info] Getting sessions for read:user...
2023-05-07 06:53:31.917 [info] Got 1 sessions for read:user...
2023-05-07 06:53:53.889 [info] Getting sessions for read:user...
2023-05-07 06:53:53.889 [info] Got 1 sessions for read:user...
2023-05-07 07:18:32.276 [info] Getting sessions for read:user...
2023-05-07 07:18:32.276 [info] Got 1 sessions for read:user...
2023-05-07 07:18:55.030 [info] Getting sessions for read:user...
2023-05-07 07:18:55.030 [info] Got 1 sessions for read:user...
2023-05-07 07:43:32.629 [info] Getting sessions for read:user...
2023-05-07 07:43:32.629 [info] Got 1 sessions for read:user...
2023-05-07 07:43:56.268 [info] Getting sessions for read:user...
2023-05-07 07:43:56.268 [info] Got 1 sessions for read:user...
2023-05-07 08:08:32.971 [info] Getting sessions for read:user...
2023-05-07 08:08:32.971 [info] Got 1 sessions for read:user...
2023-05-07 08:08:57.842 [info] Getting sessions for read:user...
2023-05-07 08:08:57.842 [info] Got 1 sessions for read:user...
2023-05-07 08:33:33.346 [info] Getting sessions for read:user...
2023-05-07 08:33:33.346 [info] Got 1 sessions for read:user...
2023-05-07 08:33:59.052 [info] Getting sessions for read:user...
2023-05-07 08:33:59.052 [info] Got 1 sessions for read:user...
2023-05-07 08:58:33.686 [info] Getting sessions for read:user...
2023-05-07 08:58:33.686 [info] Got 1 sessions for read:user...
2023-05-07 08:59:00.276 [info] Getting sessions for read:user...
2023-05-07 08:59:00.276 [info] Got 1 sessions for read:user...
2023-05-07 09:23:34.043 [info] Getting sessions for read:user...
2023-05-07 09:23:34.043 [info] Got 1 sessions for read:user...
2023-05-07 09:24:02.018 [info] Getting sessions for read:user...
2023-05-07 09:24:02.018 [info] Got 1 sessions for read:user...
2023-05-07 09:48:34.428 [info] Getting sessions for read:user...
2023-05-07 09:48:34.428 [info] Got 1 sessions for read:user...
2023-05-07 09:49:03.319 [info] Getting sessions for read:user...
2023-05-07 09:49:03.319 [info] Got 1 sessions for read:user...
2023-05-07 10:13:34.804 [info] Getting sessions for read:user...
2023-05-07 10:13:34.804 [info] Got 1 sessions for read:user...
2023-05-07 10:14:04.521 [info] Getting sessions for read:user...
2023-05-07 10:14:04.521 [info] Got 1 sessions for read:user...
2023-05-07 10:38:35.186 [info] Getting sessions for read:user...
2023-05-07 10:38:35.186 [info] Got 1 sessions for read:user...
2023-05-07 10:39:06.182 [info] Getting sessions for read:user...
2023-05-07 10:39:06.182 [info] Got 1 sessions for read:user...
2023-05-07 11:03:35.540 [info] Getting sessions for read:user...
2023-05-07 11:03:35.540 [info] Got 1 sessions for read:user...
2023-05-07 11:04:07.425 [info] Getting sessions for read:user...
2023-05-07 11:04:07.425 [info] Got 1 sessions for read:user...
