2023-05-01 18:59:26.771 [info] Reading sessions from keychain...
2023-05-01 18:59:26.771 [info] Getting sessions for all scopes...
2023-05-01 18:59:26.771 [info] Getting sessions for user:email...
2023-05-01 18:59:26.771 [info] Getting sessions for read:user...
2023-05-01 18:59:26.771 [info] Getting sessions for read:user...
2023-05-01 18:59:26.771 [info] Got stored sessions!
2023-05-01 18:59:26.771 [info] Got 2 verified sessions.
2023-05-01 18:59:26.771 [info] Got 2 sessions for ...
2023-05-01 18:59:26.771 [info] Got 1 sessions for user:email...
2023-05-01 18:59:26.771 [info] Got 1 sessions for read:user...
2023-05-01 18:59:26.771 [info] Got 1 sessions for read:user...
2023-05-01 18:59:26.793 [info] Getting sessions for all scopes...
2023-05-01 18:59:26.793 [info] Got 2 sessions for ...
2023-05-01 18:59:26.909 [info] Getting sessions for all scopes...
2023-05-01 18:59:26.909 [info] Got 2 sessions for ...
2023-05-01 19:24:27.190 [info] Getting sessions for read:user...
2023-05-01 19:24:27.190 [info] Got 1 sessions for read:user...
2023-05-01 19:24:28.429 [info] Getting sessions for read:user...
2023-05-01 19:24:28.429 [info] Got 1 sessions for read:user...
2023-05-01 19:49:27.653 [info] Getting sessions for read:user...
2023-05-01 19:49:27.653 [info] Got 1 sessions for read:user...
2023-05-01 19:49:29.831 [info] Getting sessions for read:user...
2023-05-01 19:49:29.831 [info] Got 1 sessions for read:user...
2023-05-01 20:14:28.031 [info] Getting sessions for read:user...
2023-05-01 20:14:28.031 [info] Got 1 sessions for read:user...
2023-05-01 20:14:31.196 [info] Getting sessions for read:user...
2023-05-01 20:14:31.196 [info] Got 1 sessions for read:user...
