2023-05-26 12:01:56.703 [info] Log level: Info
2023-05-26 12:01:56.703 [info] Validating found git in: "git"
2023-05-26 12:01:56.703 [info] Using git "2.40.1" from "git"
2023-05-26 12:01:56.703 [info] > git rev-parse --show-toplevel [4ms]
2023-05-26 12:01:56.703 [info] fatal: not a git repository (or any of the parent directories): .git
2023-05-26 12:01:56.703 [info] > git rev-parse --show-toplevel [4ms]
2023-05-26 12:01:56.703 [info] fatal: not a git repository (or any of the parent directories): .git
2023-05-26 12:01:56.703 [info] > git rev-parse --show-toplevel [2ms]
2023-05-26 12:01:56.703 [info] fatal: not a git repository (or any of the parent directories): .git
2023-05-26 12:01:56.904 [info] > git rev-parse --show-toplevel [197ms]
2023-05-26 12:01:56.905 [info] fatal: not a git repository (or any of the parent directories): .git
2023-05-26 12:01:56.966 [info] > git rev-parse --show-toplevel [57ms]
2023-05-26 12:01:56.966 [info] fatal: not a git repository (or any of the parent directories): .git
2023-05-26 12:01:56.979 [info] > git rev-parse --show-toplevel [8ms]
2023-05-26 12:01:56.979 [info] fatal: not a git repository (or any of the parent directories): .git
2023-05-26 12:01:56.986 [info] > git rev-parse --show-toplevel [2ms]
2023-05-26 12:01:56.986 [info] fatal: not a git repository (or any of the parent directories): .git
2023-05-26 12:01:57.130 [info] > git rev-parse --show-toplevel [6ms]
2023-05-26 12:01:57.130 [info] fatal: not a git repository (or any of the parent directories): .git
2023-05-26 12:01:58.274 [info] > git rev-parse --show-toplevel [59ms]
2023-05-26 12:01:58.274 [info] fatal: not a git repository (or any of the parent directories): .git
2023-05-26 12:02:29.242 [info] > git rev-parse --show-toplevel [2ms]
2023-05-26 12:02:29.242 [info] fatal: not a git repository (or any of the parent directories): .git
2023-05-26 12:02:29.282 [info] > git rev-parse --show-toplevel [5ms]
2023-05-26 12:02:29.282 [info] fatal: not a git repository (or any of the parent directories): .git
