2023-05-05 19:34:53.425 [info] Log level: Info
2023-05-05 19:34:53.425 [info] Validating found git in: "git"
2023-05-05 19:34:53.425 [info] Using git "2.40.1" from "git"
2023-05-05 19:34:53.425 [info] > git rev-parse --show-toplevel [4ms]
2023-05-05 19:34:53.425 [info] fatal: not a git repository (or any of the parent directories): .git
2023-05-05 19:34:53.425 [info] > git rev-parse --show-toplevel [2ms]
2023-05-05 19:34:53.425 [info] fatal: not a git repository (or any of the parent directories): .git
2023-05-05 19:34:53.425 [info] > git rev-parse --show-toplevel [4ms]
2023-05-05 19:34:53.425 [info] fatal: not a git repository (or any of the parent directories): .git
2023-05-05 19:34:53.425 [info] > git rev-parse --show-toplevel [8ms]
2023-05-05 19:34:53.425 [info] fatal: not a git repository (or any of the parent directories): .git
2023-05-05 19:34:53.425 [info] > git rev-parse --show-toplevel [243ms]
2023-05-05 19:34:53.425 [info] fatal: not a git repository (or any of the parent directories): .git
2023-05-05 19:34:53.425 [info] > git rev-parse --show-toplevel [59ms]
2023-05-05 19:34:53.425 [info] fatal: not a git repository (or any of the parent directories): .git
2023-05-05 19:34:53.426 [info] > git rev-parse --show-toplevel [11ms]
2023-05-05 19:34:53.426 [info] fatal: not a git repository (or any of the parent directories): .git
2023-05-05 19:34:53.448 [info] > git rev-parse --show-toplevel [16ms]
2023-05-05 19:34:53.448 [info] fatal: not a git repository (or any of the parent directories): .git
2023-05-05 19:37:16.895 [info] > git rev-parse --show-toplevel [1ms]
2023-05-05 19:37:16.895 [info] fatal: not a git repository (or any of the parent directories): .git
2023-05-05 19:37:16.929 [info] > git rev-parse --show-toplevel [3ms]
2023-05-05 19:37:16.929 [info] fatal: not a git repository (or any of the parent directories): .git
2023-05-05 19:37:16.940 [info] > git rev-parse --show-toplevel [4ms]
2023-05-05 19:37:16.940 [info] fatal: not a git repository (or any of the parent directories): .git
2023-05-05 19:40:59.068 [info] > git rev-parse --show-toplevel [1ms]
2023-05-05 19:40:59.068 [info] fatal: not a git repository (or any of the parent directories): .git
2023-05-05 19:40:59.083 [info] > git rev-parse --show-toplevel [2ms]
2023-05-05 19:40:59.083 [info] fatal: not a git repository (or any of the parent directories): .git
2023-05-05 19:40:59.092 [info] > git rev-parse --show-toplevel [2ms]
2023-05-05 19:40:59.092 [info] fatal: not a git repository (or any of the parent directories): .git
2023-05-05 19:41:04.369 [info] > git rev-parse --show-toplevel [1ms]
2023-05-05 19:41:04.369 [info] fatal: not a git repository (or any of the parent directories): .git
2023-05-05 19:41:04.375 [info] > git rev-parse --show-toplevel [1ms]
2023-05-05 19:41:04.375 [info] fatal: not a git repository (or any of the parent directories): .git
2023-05-05 19:41:05.865 [info] > git rev-parse --show-toplevel [0ms]
2023-05-05 19:41:05.865 [info] fatal: not a git repository (or any of the parent directories): .git
2023-05-05 21:26:23.190 [info] > git rev-parse --show-toplevel [4ms]
2023-05-05 21:26:23.190 [info] fatal: not a git repository (or any of the parent directories): .git
2023-05-05 21:26:23.198 [info] > git rev-parse --show-toplevel [1ms]
2023-05-05 21:26:23.198 [info] fatal: not a git repository (or any of the parent directories): .git
2023-05-05 21:26:23.205 [info] > git rev-parse --show-toplevel [0ms]
2023-05-05 21:26:23.205 [info] fatal: not a git repository (or any of the parent directories): .git
2023-05-06 12:27:18.027 [info] > git rev-parse --show-toplevel [1ms]
2023-05-06 12:27:18.027 [info] fatal: not a git repository (or any of the parent directories): .git
2023-05-06 12:27:18.038 [info] > git rev-parse --show-toplevel [2ms]
2023-05-06 12:27:18.038 [info] fatal: not a git repository (or any of the parent directories): .git
2023-05-06 12:27:18.050 [info] > git rev-parse --show-toplevel [1ms]
2023-05-06 12:27:18.050 [info] fatal: not a git repository (or any of the parent directories): .git
2023-05-06 12:27:18.764 [info] > git rev-parse --show-toplevel [0ms]
2023-05-06 12:27:18.764 [info] fatal: not a git repository (or any of the parent directories): .git
2023-05-06 12:27:18.786 [info] > git rev-parse --show-toplevel [1ms]
2023-05-06 12:27:18.786 [info] fatal: not a git repository (or any of the parent directories): .git
2023-05-06 12:27:18.795 [info] > git rev-parse --show-toplevel [1ms]
2023-05-06 12:27:18.795 [info] fatal: not a git repository (or any of the parent directories): .git
2023-05-06 12:27:18.804 [info] > git rev-parse --show-toplevel [1ms]
2023-05-06 12:27:18.804 [info] fatal: not a git repository (or any of the parent directories): .git
2023-05-06 12:30:56.287 [info] > git rev-parse --show-toplevel [1ms]
2023-05-06 12:30:56.287 [info] fatal: not a git repository (or any of the parent directories): .git
2023-05-06 12:30:56.337 [info] > git rev-parse --show-toplevel [1ms]
2023-05-06 12:30:56.337 [info] fatal: not a git repository (or any of the parent directories): .git
2023-05-06 12:30:56.343 [info] > git rev-parse --show-toplevel [0ms]
2023-05-06 12:30:56.343 [info] fatal: not a git repository (or any of the parent directories): .git
2023-05-06 12:30:57.331 [info] > git rev-parse --show-toplevel [1ms]
2023-05-06 12:30:57.331 [info] fatal: not a git repository (or any of the parent directories): .git
2023-05-06 12:30:57.349 [info] > git rev-parse --show-toplevel [1ms]
2023-05-06 12:30:57.349 [info] fatal: not a git repository (or any of the parent directories): .git
2023-05-06 12:30:57.357 [info] > git rev-parse --show-toplevel [1ms]
2023-05-06 12:30:57.357 [info] fatal: not a git repository (or any of the parent directories): .git
2023-05-06 12:30:57.881 [info] > git rev-parse --show-toplevel [1ms]
2023-05-06 12:30:57.881 [info] fatal: not a git repository (or any of the parent directories): .git
2023-05-06 12:30:57.893 [info] > git rev-parse --show-toplevel [2ms]
2023-05-06 12:30:57.893 [info] fatal: not a git repository (or any of the parent directories): .git
2023-05-06 12:30:57.902 [info] > git rev-parse --show-toplevel [1ms]
2023-05-06 12:30:57.902 [info] fatal: not a git repository (or any of the parent directories): .git
2023-05-06 12:31:16.658 [info] > git rev-parse --show-toplevel [1ms]
2023-05-06 12:31:16.658 [info] fatal: not a git repository (or any of the parent directories): .git
2023-05-06 12:31:16.678 [info] > git rev-parse --show-toplevel [1ms]
2023-05-06 12:31:16.678 [info] fatal: not a git repository (or any of the parent directories): .git
2023-05-06 12:31:16.689 [info] > git rev-parse --show-toplevel [2ms]
2023-05-06 12:31:16.689 [info] fatal: not a git repository (or any of the parent directories): .git
2023-05-06 12:33:02.731 [info] > git rev-parse --show-toplevel [1ms]
2023-05-06 12:33:02.731 [info] fatal: not a git repository (or any of the parent directories): .git
2023-05-06 12:33:02.754 [info] > git rev-parse --show-toplevel [1ms]
2023-05-06 12:33:02.754 [info] fatal: not a git repository (or any of the parent directories): .git
2023-05-06 12:33:02.762 [info] > git rev-parse --show-toplevel [1ms]
2023-05-06 12:33:02.762 [info] fatal: not a git repository (or any of the parent directories): .git
2023-05-06 12:33:40.178 [info] > git rev-parse --show-toplevel [1ms]
2023-05-06 12:33:40.178 [info] fatal: not a git repository (or any of the parent directories): .git
2023-05-06 12:33:40.191 [info] > git rev-parse --show-toplevel [1ms]
2023-05-06 12:33:40.191 [info] fatal: not a git repository (or any of the parent directories): .git
2023-05-06 12:33:40.201 [info] > git rev-parse --show-toplevel [1ms]
2023-05-06 12:33:40.201 [info] fatal: not a git repository (or any of the parent directories): .git
2023-05-06 12:35:07.664 [info] > git rev-parse --show-toplevel [1ms]
2023-05-06 12:35:07.664 [info] fatal: not a git repository (or any of the parent directories): .git
2023-05-06 12:35:07.678 [info] > git rev-parse --show-toplevel [1ms]
2023-05-06 12:35:07.678 [info] fatal: not a git repository (or any of the parent directories): .git
2023-05-06 12:35:07.687 [info] > git rev-parse --show-toplevel [2ms]
2023-05-06 12:35:07.687 [info] fatal: not a git repository (or any of the parent directories): .git
2023-05-06 12:38:39.061 [info] > git rev-parse --show-toplevel [1ms]
2023-05-06 12:38:39.061 [info] fatal: not a git repository (or any of the parent directories): .git
2023-05-06 12:38:39.105 [info] > git rev-parse --show-toplevel [1ms]
2023-05-06 12:38:39.105 [info] fatal: not a git repository (or any of the parent directories): .git
2023-05-06 12:38:39.112 [info] > git rev-parse --show-toplevel [1ms]
2023-05-06 12:38:39.112 [info] fatal: not a git repository (or any of the parent directories): .git
2023-05-06 12:40:23.313 [info] > git rev-parse --show-toplevel [0ms]
2023-05-06 12:40:23.313 [info] fatal: not a git repository (or any of the parent directories): .git
2023-05-06 12:40:23.358 [info] > git rev-parse --show-toplevel [1ms]
2023-05-06 12:40:23.358 [info] fatal: not a git repository (or any of the parent directories): .git
2023-05-06 12:40:23.366 [info] > git rev-parse --show-toplevel [1ms]
2023-05-06 12:40:23.366 [info] fatal: not a git repository (or any of the parent directories): .git
2023-05-06 20:49:17.553 [info] > git rev-parse --show-toplevel [3ms]
2023-05-06 20:49:17.553 [info] fatal: not a git repository (or any of the parent directories): .git
2023-05-06 20:49:17.561 [info] > git rev-parse --show-toplevel [1ms]
2023-05-06 20:49:17.561 [info] fatal: not a git repository (or any of the parent directories): .git
2023-05-06 20:49:17.568 [info] > git rev-parse --show-toplevel [1ms]
2023-05-06 20:49:17.568 [info] fatal: not a git repository (or any of the parent directories): .git
2023-05-06 20:56:45.035 [info] > git rev-parse --show-toplevel [1ms]
2023-05-06 20:56:45.035 [info] fatal: not a git repository (or any of the parent directories): .git
2023-05-06 20:56:45.054 [info] > git rev-parse --show-toplevel [1ms]
2023-05-06 20:56:45.054 [info] fatal: not a git repository (or any of the parent directories): .git
2023-05-06 20:56:45.066 [info] > git rev-parse --show-toplevel [1ms]
2023-05-06 20:56:45.066 [info] fatal: not a git repository (or any of the parent directories): .git
