2023-05-04 19:09:20.473 [info] Reading sessions from keychain...
2023-05-04 19:09:20.473 [info] Getting sessions for all scopes...
2023-05-04 19:09:20.473 [info] Getting sessions for user:email...
2023-05-04 19:09:20.473 [info] Getting sessions for all scopes...
2023-05-04 19:09:20.473 [info] Got stored sessions!
2023-05-04 19:09:20.473 [info] Got 2 verified sessions.
2023-05-04 19:09:20.473 [info] Got 2 sessions for ...
2023-05-04 19:09:20.473 [info] Got 1 sessions for user:email...
2023-05-04 19:09:20.473 [info] Got 2 sessions for ...
2023-05-04 19:09:20.817 [info] Getting sessions for all scopes...
2023-05-04 19:09:20.817 [info] Got 2 sessions for ...
2023-05-04 19:09:20.817 [info] Getting sessions for read:user...
2023-05-04 19:09:20.817 [info] Got 1 sessions for read:user...
2023-05-04 19:09:20.825 [info] Getting sessions for read:user...
2023-05-04 19:09:20.825 [info] Got 1 sessions for read:user...
2023-05-04 19:34:21.211 [info] Getting sessions for read:user...
2023-05-04 19:34:21.212 [info] Got 1 sessions for read:user...
2023-05-04 19:34:23.009 [info] Getting sessions for read:user...
2023-05-04 19:34:23.009 [info] Got 1 sessions for read:user...
2023-05-04 19:59:21.595 [info] Getting sessions for read:user...
2023-05-04 19:59:21.595 [info] Got 1 sessions for read:user...
2023-05-04 19:59:24.265 [info] Getting sessions for read:user...
2023-05-04 19:59:24.265 [info] Got 1 sessions for read:user...
2023-05-04 20:24:21.990 [info] Getting sessions for read:user...
2023-05-04 20:24:21.990 [info] Got 1 sessions for read:user...
2023-05-04 20:24:25.581 [info] Getting sessions for read:user...
2023-05-04 20:24:25.581 [info] Got 1 sessions for read:user...
2023-05-04 20:49:22.349 [info] Getting sessions for read:user...
2023-05-04 20:49:22.349 [info] Got 1 sessions for read:user...
2023-05-04 20:49:27.169 [info] Getting sessions for read:user...
2023-05-04 20:49:27.169 [info] Got 1 sessions for read:user...
