Name: isort
Module: isort
Python extension loading
Waiting for interpreter from python extension.
Python extension loaded
CWD Server: /home/nicklas/Projects/maxscience
sys.path used to run Server:
   /home/nicklas/.vscode/extensions/ms-python.isort-2022.8.0/bundled/libs
   /home/nicklas/.vscode/extensions/ms-python.isort-2022.8.0/bundled/tool
   /home/nicklas/mambaforge/envs/math/lib/python38.zip
   /home/nicklas/mambaforge/envs/math/lib/python3.8
   /home/nicklas/mambaforge/envs/math/lib/python3.8/lib-dynload
   /home/nicklas/.local/lib/python3.8/site-packages
   /home/nicklas/mambaforge/envs/math/lib/python3.8/site-packages
Settings used to run Server:
[
    {
        "check": false,
        "workspace": "file:///home/nicklas/Projects/maxscience",
        "logLevel": "error",
        "args": [],
        "severity": {
            "W": "Warning",
            "E": "Hint"
        },
        "path": [],
        "interpreter": [
            "/home/nicklas/mambaforge/envs/math/bin/python"
        ],
        "importStrategy": "useBundled",
        "showNotifications": "off"
    }
]

/home/nicklas/mambaforge/envs/math/bin/python -m isort --version-number
CWD Linter: /home/nicklas/Projects/maxscience
Version info for isort running for /home/nicklas/Projects/maxscience:
5.10.1

SUPPORTED isort>=5.10.1
FOUND isort==5.10.1

