[Info  - 6:59:25 PM] (3171) Pylance language server 2023.4.40 (pyright 5b6a1d3b) starting
[Info  - 6:59:25 PM] (3171) Server root directory: /home/nicklas/.vscode/extensions/ms-python.vscode-pylance-2023.4.40/dist
[Info  - 6:59:25 PM] (3171) Starting service instance "maxscience"
[Info  - 6:59:25 PM] (3171) Setting pythonPath for service "maxscience": "/home/nicklas/mambaforge/envs/math/bin/python"
[Warn  - 6:59:25 PM] (3171) stubPath /home/nicklas/Projects/maxscience/typings is not a valid directory.
[Info  - 6:59:25 PM] (3171) Assuming Python version 3.8
[Info  - 6:59:25 PM] (3171) Found 12 source files
[Info  - 6:59:25 PM] (3171) Background analysis(1) root directory: /home/nicklas/.vscode/extensions/ms-python.vscode-pylance-2023.4.40/dist
[Info  - 6:59:25 PM] (3171) Background analysis(1) started
[Info  - 6:59:25 PM] (3171) Indexer background runner(2) root directory: /home/nicklas/.vscode/extensions/ms-python.vscode-pylance-2023.4.40/dist (index)
[Info  - 6:59:25 PM] (3171) Indexing(2) started
[Info  - 6:59:26 PM] (3171) scanned(2) 364 files over 1 exec env
[Info  - 6:59:29 PM] (3171) [IDX(2)] Long operation: index execution environment /home/nicklas/Projects/maxscience (3145ms)
[Info  - 6:59:29 PM] (3171) [IDX(2)] Long operation: index packages /home/nicklas/Projects/maxscience (3158ms)
[Info  - 6:59:29 PM] (3171) indexed(2) 253 files over 1 exec env
[Info  - 6:59:29 PM] (3171) Indexing finished(2).
[Info  - 7:13:16 PM] (3171) Indexer background runner(3) root directory: /home/nicklas/.vscode/extensions/ms-python.vscode-pylance-2023.4.40/dist (refresh)
[Info  - 7:13:16 PM] (3171) Indexing(3) started
[Info  - 7:13:16 PM] (3171) scanned(3) 365 files over 1 exec env
[Info  - 7:13:19 PM] (3171) [IDX(3)] Long operation: index execution environment /home/nicklas/Projects/maxscience (2078ms)
[Info  - 7:13:19 PM] (3171) [IDX(3)] Long operation: index packages /home/nicklas/Projects/maxscience (2087ms)
[Info  - 7:13:19 PM] (3171) indexed(3) 254 files over 1 exec env
[Info  - 7:13:19 PM] (3171) Indexing finished(3).
